<?xml version="1.0" encoding="utf-8"?><testsuites name="pytest tests"><testsuite name="pytest" errors="0" failures="0" skipped="0" tests="113" time="36.447" timestamp="2026-08-12T04:27:12.460577+10:00" hostname="nyx.foundryside.dev"><testcase classname="tests.unit.core.landscape.test_scheduler_queue_contract" name="test_exact_ready_replay_preserves_complete_state_engine_image" time="0.287"><properties><property name="elspeth_node_id" value="tests/unit/core/landscape/test_scheduler_queue_contract.py::test_exact_ready_replay_preserves_complete_state_engine_image" /></properties></testcase><testcase classname="tests.unit.core.landscape.test_scheduler_queue_contract" name="test_incompatible_ready_replay_preserves_complete_state_engine_image" time="0.045"><properties><property name="elspeth_node_id" value="tests/unit/core/landscape/test_scheduler_queue_contract.py::test_incompatible_ready_replay_preserves_complete_state_engine_image" /></properties></testcase><testcase classname="tests.unit.core.landscape.test_scheduler_queue_contract" name="test_reference_validation_refusal_preserves_complete_state_engine_image[token-cross-run]" time="0.038"><properties><property name="elspeth_node_id" value="tests/unit/core/landscape/test_scheduler_queue_contract.py::test_reference_validation_refusal_preserves_complete_state_engine_image[token-cross-run]" /></properties></testcase><testcase classname="tests.unit.core.landscape.test_scheduler_queue_contract" name="test_reference_validation_refusal_preserves_complete_state_engine_image[node-cross-run]" time="0.038"><properties><property name="elspeth_node_id" value="tests/unit/core/landscape/test_scheduler_queue_contract.py::test_reference_validation_refusal_preserves_complete_state_engine_image[node-cross-run]" /></properties></testcase><testcase classname="tests.unit.core.landscape.test_scheduler_queue_contract" name="test_reference_validation_refusal_preserves_complete_state_engine_image[ingest]" time="0.043"><properties><property name="elspeth_node_id" value="tests/unit/core/landscape/test_scheduler_queue_contract.py::test_reference_validation_refusal_preserves_complete_state_engine_image[ingest]" /></properties></testcase><testcase classname="tests.unit.core.landscape.test_scheduler_queue_contract" name="test_existing_ready_replay_emits_claim_only_and_preserves_every_other_field" time="0.043"><properties><property name="elspeth_node_id" value="tests/unit/core/landscape/test_scheduler_queue_contract.py::test_existing_ready_replay_emits_claim_only_and_preserves_every_other_field" /></properties></testcase><testcase classname="tests.unit.core.landscape.test_scheduler_queue_contract" name="test_new_enqueue_and_claim_event_failure_rolls_back_complete_state_engine_image[enqueue]" time="0.041"><properties><property name="elspeth_node_id" value="tests/unit/core/landscape/test_scheduler_queue_contract.py::test_new_enqueue_and_claim_event_failure_rolls_back_complete_state_engine_image[enqueue]" /></properties></testcase><testcase classname="tests.unit.core.landscape.test_scheduler_queue_contract" name="test_new_enqueue_and_claim_event_failure_rolls_back_complete_state_engine_image[claim_ready]" time="0.046"><properties><property name="elspeth_node_id" value="tests/unit/core/landscape/test_scheduler_queue_contract.py::test_new_enqueue_and_claim_event_failure_rolls_back_complete_state_engine_image[claim_ready]" /></properties></testcase><testcase classname="tests.unit.core.landscape.test_scheduler_queue_contract" name="test_existing_ready_claim_event_failure_rolls_back_complete_state_engine_image" time="0.044"><properties><property name="elspeth_node_id" value="tests/unit/core/landscape/test_scheduler_queue_contract.py::test_existing_ready_claim_event_failure_rolls_back_complete_state_engine_image" /></properties></testcase><testcase classname="tests.unit.core.landscape.test_scheduler_events" name="test_scheduler_events_schema_is_required_run_scoped_contract" time="0.000"><properties><property name="elspeth_node_id" value="tests/unit/core/landscape/test_scheduler_events.py::test_scheduler_events_schema_is_required_run_scoped_contract" /></properties></testcase><testcase classname="tests.unit.core.landscape.test_scheduler_events" name="test_enqueue_ready_records_single_idempotent_scheduler_event" time="0.024"><properties><property name="elspeth_node_id" value="tests/unit/core/landscape/test_scheduler_events.py::test_enqueue_ready_records_single_idempotent_scheduler_event" /></properties></testcase><testcase classname="tests.unit.core.landscape.test_scheduler_events" name="test_enqueue_ready_mismatch_diagnostics_redact_row_payload_values" time="0.024"><properties><property name="elspeth_node_id" value="tests/unit/core/landscape/test_scheduler_events.py::test_enqueue_ready_mismatch_diagnostics_redact_row_payload_values" /></properties></testcase><testcase classname="tests.unit.core.landscape.test_scheduler_events" name="test_enqueue_ready_claimed_records_enqueue_and_claim_events_in_one_operation" time="0.025"><properties><property name="elspeth_node_id" value="tests/unit/core/landscape/test_scheduler_events.py::test_enqueue_ready_claimed_records_enqueue_and_claim_events_in_one_operation" /></properties></testcase><testcase classname="tests.unit.core.landscape.test_scheduler_events" name="test_claim_and_terminal_events_record_status_and_lease_ownership" time="0.027"><properties><property name="elspeth_node_id" value="tests/unit/core/landscape/test_scheduler_events.py::test_claim_and_terminal_events_record_status_and_lease_ownership" /></properties></testcase><testcase classname="tests.unit.core.landscape.test_scheduler_events" name="test_recover_expired_leases_records_attempt_bump_and_previous_work_item" time="0.035"><properties><property name="elspeth_node_id" value="tests/unit/core/landscape/test_scheduler_events.py::test_recover_expired_leases_records_attempt_bump_and_previous_work_item" /></properties></testcase><testcase classname="tests.unit.core.landscape.test_scheduler_events" name="test_heartbeat_lease_lost_records_event_when_current_row_is_peer_owned" time="0.116"><properties><property name="elspeth_node_id" value="tests/unit/core/landscape/test_scheduler_events.py::test_heartbeat_lease_lost_records_event_when_current_row_is_peer_owned" /></properties></testcase><testcase classname="tests.unit.core.landscape.test_scheduler_events" name="test_heartbeat_lease_lost_records_event_when_expired_lease_was_recovered" time="0.028"><properties><property name="elspeth_node_id" value="tests/unit/core/landscape/test_scheduler_events.py::test_heartbeat_lease_lost_records_event_when_expired_lease_was_recovered" /></properties></testcase><testcase classname="tests.unit.core.landscape.test_scheduler_events" name="test_mark_blocked_and_mark_failed_record_transition_events" time="0.052"><properties><property name="elspeth_node_id" value="tests/unit/core/landscape/test_scheduler_events.py::test_mark_blocked_and_mark_failed_record_transition_events" /></properties></testcase><testcase classname="tests.unit.core.landscape.test_scheduler_events" name="test_pending_sink_claim_and_terminalization_record_transition_events" time="0.032"><properties><property name="elspeth_node_id" value="tests/unit/core/landscape/test_scheduler_events.py::test_pending_sink_claim_and_terminalization_record_transition_events" /></properties></testcase><testcase classname="tests.unit.core.landscape.test_scheduler_events" name="test_normal_dispositions_refuse_reclaimed_sink_redrive_without_mutation[mark_terminal]" time="0.039"><properties><property name="elspeth_node_id" value="tests/unit/core/landscape/test_scheduler_events.py::test_normal_dispositions_refuse_reclaimed_sink_redrive_without_mutation[mark_terminal]" /></properties></testcase><testcase classname="tests.unit.core.landscape.test_scheduler_events" name="test_normal_dispositions_refuse_reclaimed_sink_redrive_without_mutation[mark_failed]" time="0.032"><properties><property name="elspeth_node_id" value="tests/unit/core/landscape/test_scheduler_events.py::test_normal_dispositions_refuse_reclaimed_sink_redrive_without_mutation[mark_failed]" /></properties></testcase><testcase classname="tests.unit.core.landscape.test_scheduler_events" name="test_normal_dispositions_refuse_reclaimed_sink_redrive_without_mutation[mark_blocked]" time="0.032"><properties><property name="elspeth_node_id" value="tests/unit/core/landscape/test_scheduler_events.py::test_normal_dispositions_refuse_reclaimed_sink_redrive_without_mutation[mark_blocked]" /></properties></testcase><testcase classname="tests.unit.core.landscape.test_scheduler_events" name="test_normal_dispositions_refuse_reclaimed_sink_redrive_without_mutation[mark_pending_sink]" time="0.031"><properties><property name="elspeth_node_id" value="tests/unit/core/landscape/test_scheduler_events.py::test_normal_dispositions_refuse_reclaimed_sink_redrive_without_mutation[mark_pending_sink]" /></properties></testcase><testcase classname="tests.unit.core.landscape.test_scheduler_events" name="test_transform_disposition_truth_table_commits_exact_row_event_and_branch_loss[TS-07]" time="0.027"><properties><property name="elspeth_node_id" value="tests/unit/core/landscape/test_scheduler_events.py::test_transform_disposition_truth_table_commits_exact_row_event_and_branch_loss[TS-07]" /></properties></testcase><testcase classname="tests.unit.core.landscape.test_scheduler_events" name="test_transform_disposition_truth_table_commits_exact_row_event_and_branch_loss[TS-08]" time="0.028"><properties><property name="elspeth_node_id" value="tests/unit/core/landscape/test_scheduler_events.py::test_transform_disposition_truth_table_commits_exact_row_event_and_branch_loss[TS-08]" /></properties></testcase><testcase classname="tests.unit.core.landscape.test_scheduler_events" name="test_transform_disposition_truth_table_commits_exact_row_event_and_branch_loss[TS-09]" time="0.034"><properties><property name="elspeth_node_id" value="tests/unit/core/landscape/test_scheduler_events.py::test_transform_disposition_truth_table_commits_exact_row_event_and_branch_loss[TS-09]" /></properties></testcase><testcase classname="tests.unit.core.landscape.test_scheduler_events" name="test_transform_disposition_truth_table_commits_exact_row_event_and_branch_loss[TS-10]" time="0.028"><properties><property name="elspeth_node_id" value="tests/unit/core/landscape/test_scheduler_events.py::test_transform_disposition_truth_table_commits_exact_row_event_and_branch_loss[TS-10]" /></properties></testcase><testcase classname="tests.unit.core.landscape.test_scheduler_events" name="test_transform_disposition_truth_table_refuses_stale_owner_without_mutation[TS-07]" time="0.027"><properties><property name="elspeth_node_id" value="tests/unit/core/landscape/test_scheduler_events.py::test_transform_disposition_truth_table_refuses_stale_owner_without_mutation[TS-07]" /></properties></testcase><testcase classname="tests.unit.core.landscape.test_scheduler_events" name="test_transform_disposition_truth_table_refuses_stale_owner_without_mutation[TS-08]" time="0.027"><properties><property name="elspeth_node_id" value="tests/unit/core/landscape/test_scheduler_events.py::test_transform_disposition_truth_table_refuses_stale_owner_without_mutation[TS-08]" /></properties></testcase><testcase classname="tests.unit.core.landscape.test_scheduler_events" name="test_transform_disposition_truth_table_refuses_stale_owner_without_mutation[TS-09]" time="0.026"><properties><property name="elspeth_node_id" value="tests/unit/core/landscape/test_scheduler_events.py::test_transform_disposition_truth_table_refuses_stale_owner_without_mutation[TS-09]" /></properties></testcase><testcase classname="tests.unit.core.landscape.test_scheduler_events" name="test_transform_disposition_truth_table_refuses_stale_owner_without_mutation[TS-10]" time="0.028"><properties><property name="elspeth_node_id" value="tests/unit/core/landscape/test_scheduler_events.py::test_transform_disposition_truth_table_refuses_stale_owner_without_mutation[TS-10]" /></properties></testcase><testcase classname="tests.unit.core.landscape.test_scheduler_events" name="test_transform_disposition_truth_table_refuses_departed_member_without_mutation[TS-07]" time="0.028"><properties><property name="elspeth_node_id" value="tests/unit/core/landscape/test_scheduler_events.py::test_transform_disposition_truth_table_refuses_departed_member_without_mutation[TS-07]" /></properties></testcase><testcase classname="tests.unit.core.landscape.test_scheduler_events" name="test_transform_disposition_truth_table_refuses_departed_member_without_mutation[TS-08]" time="0.037"><properties><property name="elspeth_node_id" value="tests/unit/core/landscape/test_scheduler_events.py::test_transform_disposition_truth_table_refuses_departed_member_without_mutation[TS-08]" /></properties></testcase><testcase classname="tests.unit.core.landscape.test_scheduler_events" name="test_transform_disposition_truth_table_refuses_departed_member_without_mutation[TS-09]" time="0.028"><properties><property name="elspeth_node_id" value="tests/unit/core/landscape/test_scheduler_events.py::test_transform_disposition_truth_table_refuses_departed_member_without_mutation[TS-09]" /></properties></testcase><testcase classname="tests.unit.core.landscape.test_scheduler_events" name="test_transform_disposition_truth_table_refuses_departed_member_without_mutation[TS-10]" time="0.028"><properties><property name="elspeth_node_id" value="tests/unit/core/landscape/test_scheduler_events.py::test_transform_disposition_truth_table_refuses_departed_member_without_mutation[TS-10]" /></properties></testcase><testcase classname="tests.unit.core.landscape.test_scheduler_events" name="test_transform_disposition_truth_table_rolls_back_when_event_insert_fails[TS-07]" time="0.027"><properties><property name="elspeth_node_id" value="tests/unit/core/landscape/test_scheduler_events.py::test_transform_disposition_truth_table_rolls_back_when_event_insert_fails[TS-07]" /></properties></testcase><testcase classname="tests.unit.core.landscape.test_scheduler_events" name="test_transform_disposition_truth_table_rolls_back_when_event_insert_fails[TS-08]" time="0.027"><properties><property name="elspeth_node_id" value="tests/unit/core/landscape/test_scheduler_events.py::test_transform_disposition_truth_table_rolls_back_when_event_insert_fails[TS-08]" /></properties></testcase><testcase classname="tests.unit.core.landscape.test_scheduler_events" name="test_transform_disposition_truth_table_rolls_back_when_event_insert_fails[TS-09]" time="0.028"><properties><property name="elspeth_node_id" value="tests/unit/core/landscape/test_scheduler_events.py::test_transform_disposition_truth_table_rolls_back_when_event_insert_fails[TS-09]" /></properties></testcase><testcase classname="tests.unit.core.landscape.test_scheduler_events" name="test_transform_disposition_truth_table_rolls_back_when_event_insert_fails[TS-10]" time="0.028"><properties><property name="elspeth_node_id" value="tests/unit/core/landscape/test_scheduler_events.py::test_transform_disposition_truth_table_rolls_back_when_event_insert_fails[TS-10]" /></properties></testcase><testcase classname="tests.unit.core.landscape.test_scheduler_events" name="test_branch_loss_failure_rolls_back_disposition_row_and_event[mark_terminal]" time="0.036"><properties><property name="elspeth_node_id" value="tests/unit/core/landscape/test_scheduler_events.py::test_branch_loss_failure_rolls_back_disposition_row_and_event[mark_terminal]" /></properties></testcase><testcase classname="tests.unit.core.landscape.test_scheduler_events" name="test_branch_loss_failure_rolls_back_disposition_row_and_event[mark_failed]" time="0.028"><properties><property name="elspeth_node_id" value="tests/unit/core/landscape/test_scheduler_events.py::test_branch_loss_failure_rolls_back_disposition_row_and_event[mark_failed]" /></properties></testcase><testcase classname="tests.unit.core.landscape.test_scheduler_events" name="test_branch_loss_failure_rolls_back_disposition_row_and_event[mark_pending_sink]" time="0.028"><properties><property name="elspeth_node_id" value="tests/unit/core/landscape/test_scheduler_events.py::test_branch_loss_failure_rolls_back_disposition_row_and_event[mark_pending_sink]" /></properties></testcase><testcase classname="tests.unit.core.landscape.test_scheduler_events" name="test_mark_blocked_refuses_missing_release_key_without_mutation" time="0.025"><properties><property name="elspeth_node_id" value="tests/unit/core/landscape/test_scheduler_events.py::test_mark_blocked_refuses_missing_release_key_without_mutation" /></properties></testcase><testcase classname="tests.unit.core.landscape.test_scheduler_events" name="test_mark_pending_sink_rejects_incomplete_bundle_without_mutation[empty-payload]" time="0.027"><properties><property name="elspeth_node_id" value="tests/unit/core/landscape/test_scheduler_events.py::test_mark_pending_sink_rejects_incomplete_bundle_without_mutation[empty-payload]" /></properties></testcase><testcase classname="tests.unit.core.landscape.test_scheduler_events" name="test_mark_pending_sink_rejects_incomplete_bundle_without_mutation[empty-sink-name]" time="0.028"><properties><property name="elspeth_node_id" value="tests/unit/core/landscape/test_scheduler_events.py::test_mark_pending_sink_rejects_incomplete_bundle_without_mutation[empty-sink-name]" /></properties></testcase><testcase classname="tests.unit.core.landscape.test_scheduler_events" name="test_mark_pending_sink_rejects_incomplete_bundle_without_mutation[illegal-outcome-path-pair]" time="0.028"><properties><property name="elspeth_node_id" value="tests/unit/core/landscape/test_scheduler_events.py::test_mark_pending_sink_rejects_incomplete_bundle_without_mutation[illegal-outcome-path-pair]" /></properties></testcase><testcase classname="tests.unit.core.landscape.test_scheduler_events" name="test_mark_pending_sink_rejects_incomplete_bundle_without_mutation[missing-error-hash]" time="0.036"><properties><property name="elspeth_node_id" value="tests/unit/core/landscape/test_scheduler_events.py::test_mark_pending_sink_rejects_incomplete_bundle_without_mutation[missing-error-hash]" /></properties></testcase><testcase classname="tests.unit.core.landscape.test_scheduler_events" name="test_mark_pending_sink_rejects_incomplete_bundle_without_mutation[unexpected-error-hash]" time="0.027"><properties><property name="elspeth_node_id" value="tests/unit/core/landscape/test_scheduler_events.py::test_mark_pending_sink_rejects_incomplete_bundle_without_mutation[unexpected-error-hash]" /></properties></testcase><testcase classname="tests.unit.core.landscape.test_scheduler_events" name="test_mark_pending_sink_rejects_incomplete_bundle_without_mutation[coalesced-without-join-group]" time="0.027"><properties><property name="elspeth_node_id" value="tests/unit/core/landscape/test_scheduler_events.py::test_mark_pending_sink_rejects_incomplete_bundle_without_mutation[coalesced-without-join-group]" /></properties></testcase><testcase classname="tests.unit.core.landscape.test_scheduler_events" name="test_dedicated_sink_redrive_terminalizers_still_accept_reclaimed_sink_leases[mark_pending_sink_terminal]" time="0.030"><properties><property name="elspeth_node_id" value="tests/unit/core/landscape/test_scheduler_events.py::test_dedicated_sink_redrive_terminalizers_still_accept_reclaimed_sink_leases[mark_pending_sink_terminal]" /></properties></testcase><testcase classname="tests.unit.core.landscape.test_scheduler_events" name="test_dedicated_sink_redrive_terminalizers_still_accept_reclaimed_sink_leases[mark_pending_sink_terminal_many]" time="0.031"><properties><property name="elspeth_node_id" value="tests/unit/core/landscape/test_scheduler_events.py::test_dedicated_sink_redrive_terminalizers_still_accept_reclaimed_sink_leases[mark_pending_sink_terminal_many]" /></properties></testcase><testcase classname="tests.unit.core.landscape.test_scheduler_events" name="test_normal_disposition_rolls_back_when_scheduler_event_insert_fails" time="0.027"><properties><property name="elspeth_node_id" value="tests/unit/core/landscape/test_scheduler_events.py::test_normal_disposition_rolls_back_when_scheduler_event_insert_fails" /></properties></testcase><testcase classname="tests.unit.core.landscape.test_scheduler_events" name="test_pending_sink_batch_terminalization_records_per_token_events" time="0.042"><properties><property name="elspeth_node_id" value="tests/unit/core/landscape/test_scheduler_events.py::test_pending_sink_batch_terminalization_records_per_token_events" /></properties></testcase><testcase classname="tests.unit.core.landscape.test_scheduler_events" name="test_pending_sink_batch_terminalization_rejects_duplicate_token_ids" time="0.027"><properties><property name="elspeth_node_id" value="tests/unit/core/landscape/test_scheduler_events.py::test_pending_sink_batch_terminalization_rejects_duplicate_token_ids" /></properties></testcase><testcase classname="tests.unit.core.landscape.test_scheduler_events" name="test_pending_sink_batch_terminalization_requires_every_requested_token" time="0.027"><properties><property name="elspeth_node_id" value="tests/unit/core/landscape/test_scheduler_events.py::test_pending_sink_batch_terminalization_requires_every_requested_token" /></properties></testcase><testcase classname="tests.unit.core.landscape.test_scheduler_events" name="test_pending_sink_batch_terminalization_rejects_wrong_lease_owner" time="0.029"><properties><property name="elspeth_node_id" value="tests/unit/core/landscape/test_scheduler_events.py::test_pending_sink_batch_terminalization_rejects_wrong_lease_owner" /></properties></testcase><testcase classname="tests.unit.core.landscape.test_scheduler_events" name="test_pending_sink_with_terminal_outcome_is_repaired_without_reclaiming_sink" time="0.030"><properties><property name="elspeth_node_id" value="tests/unit/core/landscape/test_scheduler_events.py::test_pending_sink_with_terminal_outcome_is_repaired_without_reclaiming_sink" /></properties></testcase><testcase classname="tests.unit.core.landscape.test_scheduler_events" name="test_blocked_barrier_terminalization_records_transition_event" time="0.027"><properties><property name="elspeth_node_id" value="tests/unit/core/landscape/test_scheduler_events.py::test_blocked_barrier_terminalization_records_transition_event" /></properties></testcase><testcase classname="tests.unit.core.landscape.test_scheduler_events" name="test_blocked_barrier_pending_sink_handoff_records_state_and_event" time="0.028"><properties><property name="elspeth_node_id" value="tests/unit/core/landscape/test_scheduler_events.py::test_blocked_barrier_pending_sink_handoff_records_state_and_event" /></properties></testcase><testcase classname="tests.unit.core.landscape.test_scheduler_events" name="test_claim_ready_rolls_back_work_item_update_when_scheduler_event_insert_fails" time="0.035"><properties><property name="elspeth_node_id" value="tests/unit/core/landscape/test_scheduler_events.py::test_claim_ready_rolls_back_work_item_update_when_scheduler_event_insert_fails" /></properties></testcase><testcase classname="tests.unit.core.landscape.test_scheduler_events" name="test_query_repository_lists_scheduler_events_by_token_history" time="2.099"><properties><property name="elspeth_node_id" value="tests/unit/core/landscape/test_scheduler_events.py::test_query_repository_lists_scheduler_events_by_token_history" /></properties></testcase><testcase classname="tests.unit.core.landscape.test_scheduler_events" name="test_scheduler_event_store_wraps_database_rejection_as_landscape_record_error" time="0.001"><properties><property name="elspeth_node_id" value="tests/unit/core/landscape/test_scheduler_events.py::test_scheduler_event_store_wraps_database_rejection_as_landscape_record_error" /></properties></testcase><testcase classname="tests.unit.core.landscape.test_scheduler_events" name="test_scheduler_event_store_rejects_unexpected_returned_identity" time="0.001"><properties><property name="elspeth_node_id" value="tests/unit/core/landscape/test_scheduler_events.py::test_scheduler_event_store_rejects_unexpected_returned_identity" /></properties></testcase><testcase classname="tests.unit.core.landscape.test_scheduler_events" name="test_recovery_event_reader_rejects_unparseable_context_json" time="0.022"><properties><property name="elspeth_node_id" value="tests/unit/core/landscape/test_scheduler_events.py::test_recovery_event_reader_rejects_unparseable_context_json" /></properties></testcase><testcase classname="tests.unit.core.landscape.test_scheduler_events" name="test_recovery_event_reader_rejects_non_object_context_json" time="0.021"><properties><property name="elspeth_node_id" value="tests/unit/core/landscape/test_scheduler_events.py::test_recovery_event_reader_rejects_non_object_context_json" /></properties></testcase><testcase classname="tests.unit.core.landscape.test_scheduler_events" name="test_recovery_event_reader_rejects_non_string_previous_work_item_id" time="0.021"><properties><property name="elspeth_node_id" value="tests/unit/core/landscape/test_scheduler_events.py::test_recovery_event_reader_rejects_non_string_previous_work_item_id" /></properties></testcase><testcase classname="tests.unit.core.landscape.test_scheduler_events" name="test_recovery_event_reader_skips_unrelated_events_and_returns_none" time="0.021"><properties><property name="elspeth_node_id" value="tests/unit/core/landscape/test_scheduler_events.py::test_recovery_event_reader_skips_unrelated_events_and_returns_none" /></properties></testcase><testcase classname="tests.unit.core.landscape.test_scheduler_fencing" name="test_ambiguous_optional_authority_helper_is_removed" time="0.000"><properties><property name="elspeth_node_id" value="tests/unit/core/landscape/test_scheduler_fencing.py::test_ambiguous_optional_authority_helper_is_removed" /></properties></testcase><testcase classname="tests.unit.core.landscape.test_scheduler_fencing" name="test_strict_helper_rejects_runtime_none_before_transaction" time="0.018"><properties><property name="elspeth_node_id" value="tests/unit/core/landscape/test_scheduler_fencing.py::test_strict_helper_rejects_runtime_none_before_transaction" /></properties></testcase><testcase classname="tests.unit.core.landscape.test_scheduler_fencing" name="test_strict_helper_type_contract_forbids_optional_authority" time="0.000"><properties><property name="elspeth_node_id" value="tests/unit/core/landscape/test_scheduler_fencing.py::test_strict_helper_type_contract_forbids_optional_authority" /></properties></testcase><testcase classname="tests.unit.core.landscape.test_scheduler_fencing" name="test_barrier_wrapper_type_contract_requires_authority[terminal-journal]" time="0.000"><properties><property name="elspeth_node_id" value="tests/unit/core/landscape/test_scheduler_fencing.py::test_barrier_wrapper_type_contract_requires_authority[terminal-journal]" /></properties></testcase><testcase classname="tests.unit.core.landscape.test_scheduler_fencing" name="test_barrier_wrapper_type_contract_requires_authority[terminal-facade]" time="0.000"><properties><property name="elspeth_node_id" value="tests/unit/core/landscape/test_scheduler_fencing.py::test_barrier_wrapper_type_contract_requires_authority[terminal-facade]" /></properties></testcase><testcase classname="tests.unit.core.landscape.test_scheduler_fencing" name="test_barrier_wrapper_type_contract_requires_authority[pending-sink-journal]" time="0.000"><properties><property name="elspeth_node_id" value="tests/unit/core/landscape/test_scheduler_fencing.py::test_barrier_wrapper_type_contract_requires_authority[pending-sink-journal]" /></properties></testcase><testcase classname="tests.unit.core.landscape.test_scheduler_fencing" name="test_barrier_wrapper_type_contract_requires_authority[pending-sink-facade]" time="0.000"><properties><property name="elspeth_node_id" value="tests/unit/core/landscape/test_scheduler_fencing.py::test_barrier_wrapper_type_contract_requires_authority[pending-sink-facade]" /></properties></testcase><testcase classname="tests.unit.core.landscape.test_scheduler_fencing" name="test_strict_recovery_api_requires_non_optional_authority[SchedulerLeaseRepository]" time="0.000"><properties><property name="elspeth_node_id" value="tests/unit/core/landscape/test_scheduler_fencing.py::test_strict_recovery_api_requires_non_optional_authority[SchedulerLeaseRepository]" /></properties></testcase><testcase classname="tests.unit.core.landscape.test_scheduler_fencing" name="test_strict_recovery_api_requires_non_optional_authority[TokenSchedulerRepository]" time="0.000"><properties><property name="elspeth_node_id" value="tests/unit/core/landscape/test_scheduler_fencing.py::test_strict_recovery_api_requires_non_optional_authority[TokenSchedulerRepository]" /></properties></testcase><testcase classname="tests.unit.core.landscape.test_scheduler_fencing" name="test_required_coordination_parameter_accepts_equivalent_annotations[alias]" time="0.000"><properties><property name="elspeth_node_id" value="tests/unit/core/landscape/test_scheduler_fencing.py::test_required_coordination_parameter_accepts_equivalent_annotations[alias]" /></properties></testcase><testcase classname="tests.unit.core.landscape.test_scheduler_fencing" name="test_required_coordination_parameter_accepts_equivalent_annotations[qualified]" time="0.000"><properties><property name="elspeth_node_id" value="tests/unit/core/landscape/test_scheduler_fencing.py::test_required_coordination_parameter_accepts_equivalent_annotations[qualified]" /></properties></testcase><testcase classname="tests.unit.core.landscape.test_scheduler_fencing" name="test_required_coordination_parameter_rejects_wrong_runtime_binding" time="0.000"><properties><property name="elspeth_node_id" value="tests/unit/core/landscape/test_scheduler_fencing.py::test_required_coordination_parameter_rejects_wrong_runtime_binding" /></properties></testcase><testcase classname="tests.unit.core.landscape.test_scheduler_fencing" name="test_legacy_recovery_api_is_explicitly_named_and_has_no_authority_selector[SchedulerLeaseRepository]" time="0.000"><properties><property name="elspeth_node_id" value="tests/unit/core/landscape/test_scheduler_fencing.py::test_legacy_recovery_api_is_explicitly_named_and_has_no_authority_selector[SchedulerLeaseRepository]" /></properties></testcase><testcase classname="tests.unit.core.landscape.test_scheduler_fencing" name="test_legacy_recovery_api_is_explicitly_named_and_has_no_authority_selector[TokenSchedulerRepository]" time="0.000"><properties><property name="elspeth_node_id" value="tests/unit/core/landscape/test_scheduler_fencing.py::test_legacy_recovery_api_is_explicitly_named_and_has_no_authority_selector[TokenSchedulerRepository]" /></properties></testcase><testcase classname="tests.unit.core.landscape.test_scheduler_fencing" name="test_strict_helper_accepts_current_token_and_commits" time="0.022"><properties><property name="elspeth_node_id" value="tests/unit/core/landscape/test_scheduler_fencing.py::test_strict_helper_accepts_current_token_and_commits" /></properties></testcase><testcase classname="tests.unit.core.landscape.test_scheduler_fencing" name="test_strict_helper_refuses_stale_token_without_payload_mutation" time="0.021"><properties><property name="elspeth_node_id" value="tests/unit/core/landscape/test_scheduler_fencing.py::test_strict_helper_refuses_stale_token_without_payload_mutation" /></properties></testcase><testcase classname="tests.unit.core.landscape.test_scheduler_fencing" name="test_recovery_specific_legacy_helper_is_plain_without_a_verb_selector" time="0.019"><properties><property name="elspeth_node_id" value="tests/unit/core/landscape/test_scheduler_fencing.py::test_recovery_specific_legacy_helper_is_plain_without_a_verb_selector" /></properties></testcase><testcase classname="tests.unit.core.landscape.test_scheduler_fencing" name="test_legacy_helper_source_contract_detects_reference_mutations[bare-call]" time="0.001"><properties><property name="elspeth_node_id" value="tests/unit/core/landscape/test_scheduler_fencing.py::test_legacy_helper_source_contract_detects_reference_mutations[bare-call]" /></properties></testcase><testcase classname="tests.unit.core.landscape.test_scheduler_fencing" name="test_legacy_helper_source_contract_detects_reference_mutations[module-qualified-call]" time="0.000"><properties><property name="elspeth_node_id" value="tests/unit/core/landscape/test_scheduler_fencing.py::test_legacy_helper_source_contract_detects_reference_mutations[module-qualified-call]" /></properties></testcase><testcase classname="tests.unit.core.landscape.test_scheduler_fencing" name="test_legacy_helper_source_contract_detects_reference_mutations[import-aliased-call]" time="0.000"><properties><property name="elspeth_node_id" value="tests/unit/core/landscape/test_scheduler_fencing.py::test_legacy_helper_source_contract_detects_reference_mutations[import-aliased-call]" /></properties></testcase><testcase classname="tests.unit.core.landscape.test_scheduler_fencing" name="test_legacy_helper_source_contract_detects_reference_mutations[module-import-aliased-call]" time="0.000"><properties><property name="elspeth_node_id" value="tests/unit/core/landscape/test_scheduler_fencing.py::test_legacy_helper_source_contract_detects_reference_mutations[module-import-aliased-call]" /></properties></testcase><testcase classname="tests.unit.core.landscape.test_scheduler_fencing" name="test_legacy_helper_source_contract_detects_reference_mutations[assigned-bare-alias-call]" time="0.000"><properties><property name="elspeth_node_id" value="tests/unit/core/landscape/test_scheduler_fencing.py::test_legacy_helper_source_contract_detects_reference_mutations[assigned-bare-alias-call]" /></properties></testcase><testcase classname="tests.unit.core.landscape.test_scheduler_fencing" name="test_legacy_helper_source_contract_detects_reference_mutations[assigned-qualified-alias-call]" time="0.000"><properties><property name="elspeth_node_id" value="tests/unit/core/landscape/test_scheduler_fencing.py::test_legacy_helper_source_contract_detects_reference_mutations[assigned-qualified-alias-call]" /></properties></testcase><testcase classname="tests.unit.core.landscape.test_scheduler_fencing" name="test_legacy_helper_source_contract_detects_reference_mutations[bare-value-reference]" time="0.000"><properties><property name="elspeth_node_id" value="tests/unit/core/landscape/test_scheduler_fencing.py::test_legacy_helper_source_contract_detects_reference_mutations[bare-value-reference]" /></properties></testcase><testcase classname="tests.unit.core.landscape.test_scheduler_fencing" name="test_legacy_helper_source_contract_detects_reference_mutations[qualified-value-reference]" time="0.000"><properties><property name="elspeth_node_id" value="tests/unit/core/landscape/test_scheduler_fencing.py::test_legacy_helper_source_contract_detects_reference_mutations[qualified-value-reference]" /></properties></testcase><testcase classname="tests.unit.core.landscape.test_scheduler_fencing" name="test_legacy_helper_reference_is_isolated_to_named_legacy_adapter_across_package" time="3.362"><properties><property name="elspeth_node_id" value="tests/unit/core/landscape/test_scheduler_fencing.py::test_legacy_helper_reference_is_isolated_to_named_legacy_adapter_across_package" /></properties></testcase><testcase classname="tests.unit.core.landscape.test_scheduler_fencing" name="test_production_sources_do_not_call_legacy_recovery_adapter" time="2.086"><properties><property name="elspeth_node_id" value="tests/unit/core/landscape/test_scheduler_fencing.py::test_production_sources_do_not_call_legacy_recovery_adapter" /></properties></testcase><testcase classname="tests.unit.core.landscape.test_scheduler_fencing" name="test_scheduler_sources_have_no_optional_authority_transaction_selector" time="0.001"><properties><property name="elspeth_node_id" value="tests/unit/core/landscape/test_scheduler_fencing.py::test_scheduler_sources_have_no_optional_authority_transaction_selector" /></properties></testcase><testcase classname="tests.unit.core.landscape.test_scheduler_fencing" name="test_generic_legacy_unfenced_write_selector_is_removed" time="0.000"><properties><property name="elspeth_node_id" value="tests/unit/core/landscape/test_scheduler_fencing.py::test_generic_legacy_unfenced_write_selector_is_removed" /></properties></testcase><testcase classname="tests.e2e.recovery.test_source_ingress_contract" name="test_accepted_source_row_enters_complete_ts02_and_terminalizes" time="0.125"><properties><property name="elspeth_node_id" value="tests/e2e/recovery/test_source_ingress_contract.py::test_accepted_source_row_enters_complete_ts02_and_terminalizes" /></properties></testcase><testcase classname="tests.e2e.recovery.test_source_ingress_contract" name="test_yielded_row_boundary_failure_records_audit_without_scheduler_admission" time="0.068"><properties><property name="elspeth_node_id" value="tests/e2e/recovery/test_source_ingress_contract.py::test_yielded_row_boundary_failure_records_audit_without_scheduler_admission" /></properties></testcase><testcase classname="tests.e2e.recovery.test_source_ingress_contract" name="test_pre_row_source_failure_records_operation_without_row_token_or_scheduler_work[synchronous-load]" time="0.061"><properties><property name="elspeth_node_id" value="tests/e2e/recovery/test_source_ingress_contract.py::test_pre_row_source_failure_records_operation_without_row_token_or_scheduler_work[synchronous-load]" /></properties></testcase><testcase classname="tests.e2e.recovery.test_source_ingress_contract" name="test_pre_row_source_failure_records_operation_without_row_token_or_scheduler_work[first-next]" time="0.058"><properties><property name="elspeth_node_id" value="tests/e2e/recovery/test_source_ingress_contract.py::test_pre_row_source_failure_records_operation_without_row_token_or_scheduler_work[first-next]" /></properties></testcase><testcase classname="tests.e2e.recovery.test_source_ingress_contract" name="test_quarantined_source_row_records_diversion_and_never_enters_scheduler" time="0.118"><properties><property name="elspeth_node_id" value="tests/e2e/recovery/test_source_ingress_contract.py::test_quarantined_source_row_records_diversion_and_never_enters_scheduler" /></properties></testcase><testcase classname="tests.e2e.recovery.test_concurrent_resume.TestMidClaimCrashResume" name="test_ts02_source_completion_gap_reconciles_once_before_plugin_execution" time="5.495"><properties><property name="elspeth_node_id" value="tests/e2e/recovery/test_concurrent_resume.py::TestMidClaimCrashResume::test_ts02_source_completion_gap_reconciles_once_before_plugin_execution" /></properties></testcase><testcase classname="tests.e2e.recovery.test_concurrent_resume.TestMidClaimCrashResume" name="test_mid_claim_crash_resume_recovers_leased_item_exactly_once" time="3.471"><properties><property name="elspeth_node_id" value="tests/e2e/recovery/test_concurrent_resume.py::TestMidClaimCrashResume::test_mid_claim_crash_resume_recovers_leased_item_exactly_once" /></properties></testcase><testcase classname="tests.e2e.recovery.test_concurrent_resume.TestExpiredLeaseReclaimUnderContention" name="test_contended_reclaim_partial_then_full_after_all_leases_expire" time="5.335"><properties><property name="elspeth_node_id" value="tests/e2e/recovery/test_concurrent_resume.py::TestExpiredLeaseReclaimUnderContention::test_contended_reclaim_partial_then_full_after_all_leases_expire" /></properties></testcase><testcase classname="tests.e2e.recovery.test_concurrent_resume.TestTwoResumesSameRunId" name="test_two_resumes_loser_during_refused_at_seat_cas" time="0.199"><properties><property name="elspeth_node_id" value="tests/e2e/recovery/test_concurrent_resume.py::TestTwoResumesSameRunId::test_two_resumes_loser_during_refused_at_seat_cas" /></properties></testcase><testcase classname="tests.e2e.recovery.test_concurrent_resume.TestTwoResumesSameRunId" name="test_cas_loser_skips_unprocessed_payload_restore" time="2.100"><properties><property name="elspeth_node_id" value="tests/e2e/recovery/test_concurrent_resume.py::TestTwoResumesSameRunId::test_cas_loser_skips_unprocessed_payload_restore" /></properties></testcase><testcase classname="tests.e2e.recovery.test_concurrent_resume.TestTwoResumesSameRunId" name="test_cas_winner_recomputes_workset_after_leadership" time="2.097"><properties><property name="elspeth_node_id" value="tests/e2e/recovery/test_concurrent_resume.py::TestTwoResumesSameRunId::test_cas_winner_recomputes_workset_after_leadership" /></properties></testcase><testcase classname="tests.e2e.recovery.test_concurrent_resume.TestTwoResumesSameRunId" name="test_two_resumes_loser_after_winner_refused_at_entry_guard" time="2.925"><properties><property name="elspeth_node_id" value="tests/e2e/recovery/test_concurrent_resume.py::TestTwoResumesSameRunId::test_two_resumes_loser_after_winner_refused_at_entry_guard" /></properties></testcase><testcase classname="tests.e2e.recovery.test_concurrent_resume.TestTwoResumesSameRunId" name="test_entry_guard_refuses_resume_while_run_status_running" time="0.158"><properties><property name="elspeth_node_id" value="tests/e2e/recovery/test_concurrent_resume.py::TestTwoResumesSameRunId::test_entry_guard_refuses_resume_while_run_status_running" /></properties></testcase><testcase classname="tests.e2e.recovery.test_concurrent_resume.TestTwoResumesSameRunId" name="test_running_with_dead_seat_is_resumable_takeover_completes_once" time="2.969"><properties><property name="elspeth_node_id" value="tests/e2e/recovery/test_concurrent_resume.py::TestTwoResumesSameRunId::test_running_with_dead_seat_is_resumable_takeover_completes_once" /></properties></testcase><testcase classname="tests.e2e.recovery.test_concurrent_resume.TestTwoResumesSameRunId" name="test_join_attaches_follower_to_running_run" time="0.170"><properties><property name="elspeth_node_id" value="tests/e2e/recovery/test_concurrent_resume.py::TestTwoResumesSameRunId::test_join_attaches_follower_to_running_run" /></properties></testcase><testcase classname="tests.integration.pipeline.test_scheduler_plugin_dispositions" name="test_real_keyword_filter_failure_has_one_composed_durable_disposition" time="0.879"><properties><property name="elspeth_node_id" value="tests/integration/pipeline/test_scheduler_plugin_dispositions.py::test_real_keyword_filter_failure_has_one_composed_durable_disposition" /></properties></testcase><testcase classname="tests.integration.pipeline.test_scheduler_plugin_dispositions" name="test_real_declarative_gate_error_has_one_composed_durable_disposition" time="0.160"><properties><property name="elspeth_node_id" value="tests/integration/pipeline/test_scheduler_plugin_dispositions.py::test_real_declarative_gate_error_has_one_composed_durable_disposition" /></properties></testcase></testsuite></testsuites>
