<?xml version="1.0" encoding="utf-8"?><testsuites name="pytest tests"><testsuite name="pytest" errors="0" failures="0" skipped="0" tests="30" time="190.905" timestamp="2026-08-15T08:28:55.262573+10:00" hostname="nyx.foundryside.dev"><testcase classname="tests.e2e.recovery.test_sink_effect_deployment_profiles" name="test_same_host_leader_plus_claim_only_followers_profile_covers_sink_effect_process_death_matrix" time="181.590"><properties><property name="elspeth_node_id" value="tests/e2e/recovery/test_sink_effect_deployment_profiles.py::test_same_host_leader_plus_claim_only_followers_profile_covers_sink_effect_process_death_matrix" /></properties></testcase><testcase classname="tests.e2e.recovery.test_follower_coordination_chaos.TestFollowerIsolation" name="test_follower_cannot_claim_another_workers_leased_row" time="3.500"><properties><property name="elspeth_node_id" value="tests/e2e/recovery/test_follower_coordination_chaos.py::TestFollowerIsolation::test_follower_cannot_claim_another_workers_leased_row" /></properties></testcase><testcase classname="tests.e2e.recovery.test_follower_coordination_chaos.TestFollowerIsolation" name="test_evicted_follower_claim_refused_before_insert" time="0.171"><properties><property name="elspeth_node_id" value="tests/e2e/recovery/test_follower_coordination_chaos.py::TestFollowerIsolation::test_evicted_follower_claim_refused_before_insert" /></properties></testcase><testcase classname="tests.e2e.recovery.test_follower_coordination_chaos.TestFollowerIsolation" name="test_two_followers_claim_disjoint_rows_no_collision" time="0.178"><properties><property name="elspeth_node_id" value="tests/e2e/recovery/test_follower_coordination_chaos.py::TestFollowerIsolation::test_two_followers_claim_disjoint_rows_no_collision" /></properties></testcase><testcase classname="tests.e2e.recovery.test_follower_coordination_chaos.TestFollowerIsolation" name="test_clean_audit_attribution_per_follower" time="0.185"><properties><property name="elspeth_node_id" value="tests/e2e/recovery/test_follower_coordination_chaos.py::TestFollowerIsolation::test_clean_audit_attribution_per_follower" /></properties></testcase><testcase classname="tests.e2e.recovery.test_follower_coordination_chaos.TestFollowerChaos" name="test_leader_follower_race_exactly_one_claim_wins_per_row" time="0.188"><properties><property name="elspeth_node_id" value="tests/e2e/recovery/test_follower_coordination_chaos.py::TestFollowerChaos::test_leader_follower_race_exactly_one_claim_wins_per_row" /></properties></testcase><testcase classname="tests.e2e.recovery.test_follower_coordination_chaos.TestFollowerChaos" name="test_follower_crash_lease_lapses_reaper_recovers" time="0.168"><properties><property name="elspeth_node_id" value="tests/e2e/recovery/test_follower_coordination_chaos.py::TestFollowerChaos::test_follower_crash_lease_lapses_reaper_recovers" /></properties></testcase><testcase classname="tests.e2e.recovery.test_follower_coordination_chaos.TestFollowerChaos" name="test_follower_joins_then_heartbeat_latch_fires_eviction" time="0.158"><properties><property name="elspeth_node_id" value="tests/e2e/recovery/test_follower_coordination_chaos.py::TestFollowerChaos::test_follower_joins_then_heartbeat_latch_fires_eviction" /></properties></testcase><testcase classname="tests.e2e.recovery.test_follower_coordination_chaos.TestFollowerChaos" name="test_slow_follower_registry_live_reaper_skips_item" time="0.168"><properties><property name="elspeth_node_id" value="tests/e2e/recovery/test_follower_coordination_chaos.py::TestFollowerChaos::test_slow_follower_registry_live_reaper_skips_item" /></properties></testcase><testcase classname="tests.e2e.recovery.test_follower_coordination_chaos.TestFollowerChaos" name="test_slow_follower_empty_drain_batch_idle_poll_exits_cleanly" time="0.150"><properties><property name="elspeth_node_id" value="tests/e2e/recovery/test_follower_coordination_chaos.py::TestFollowerChaos::test_slow_follower_empty_drain_batch_idle_poll_exits_cleanly" /></properties></testcase><testcase classname="tests.e2e.recovery.test_follower_join_and_drain.TestJoinRunAdmissionRefusals" name="test_join_refused_when_run_terminal_completed" time="0.164"><properties><property name="elspeth_node_id" value="tests/e2e/recovery/test_follower_join_and_drain.py::TestJoinRunAdmissionRefusals::test_join_refused_when_run_terminal_completed" /></properties></testcase><testcase classname="tests.e2e.recovery.test_follower_join_and_drain.TestJoinRunAdmissionRefusals" name="test_join_refused_when_run_terminal_failed" time="0.375"><properties><property name="elspeth_node_id" value="tests/e2e/recovery/test_follower_join_and_drain.py::TestJoinRunAdmissionRefusals::test_join_refused_when_run_terminal_failed" /></properties></testcase><testcase classname="tests.e2e.recovery.test_follower_join_and_drain.TestJoinRunAdmissionRefusals" name="test_join_refused_on_config_hash_mismatch" time="0.154"><properties><property name="elspeth_node_id" value="tests/e2e/recovery/test_follower_join_and_drain.py::TestJoinRunAdmissionRefusals::test_join_refused_on_config_hash_mismatch" /></properties></testcase><testcase classname="tests.e2e.recovery.test_follower_join_and_drain.TestJoinRunAdmissionRefusals" name="test_join_refused_when_no_live_leader" time="0.148"><properties><property name="elspeth_node_id" value="tests/e2e/recovery/test_follower_join_and_drain.py::TestJoinRunAdmissionRefusals::test_join_refused_when_no_live_leader" /></properties></testcase><testcase classname="tests.e2e.recovery.test_follower_join_and_drain.TestJoinRunAdmissionRefusals" name="test_join_refused_on_filesystem_preflight_permission_fail" time="0.162"><properties><property name="elspeth_node_id" value="tests/e2e/recovery/test_follower_join_and_drain.py::TestJoinRunAdmissionRefusals::test_join_refused_on_filesystem_preflight_permission_fail" /></properties></testcase><testcase classname="tests.e2e.recovery.test_follower_join_and_drain.TestFollowerDispositions" name="test_follower_terminal_disposition_marks_terminal" time="0.168"><properties><property name="elspeth_node_id" value="tests/e2e/recovery/test_follower_join_and_drain.py::TestFollowerDispositions::test_follower_terminal_disposition_marks_terminal" /></properties></testcase><testcase classname="tests.e2e.recovery.test_follower_join_and_drain.TestFollowerDispositions" name="test_follower_barrier_node_marks_blocked_no_inmemory_accept" time="0.165"><properties><property name="elspeth_node_id" value="tests/e2e/recovery/test_follower_join_and_drain.py::TestFollowerDispositions::test_follower_barrier_node_marks_blocked_no_inmemory_accept" /></properties></testcase><testcase classname="tests.e2e.recovery.test_follower_join_and_drain.TestFollowerDispositions" name="test_follower_lossy_coalesce_branch_writes_branch_loss_record_in_same_txn" time="0.180"><properties><property name="elspeth_node_id" value="tests/e2e/recovery/test_follower_join_and_drain.py::TestFollowerDispositions::test_follower_lossy_coalesce_branch_writes_branch_loss_record_in_same_txn" /></properties></testcase><testcase classname="tests.e2e.recovery.test_follower_join_and_drain.TestFollowerDispositions" name="test_follower_sink_bound_marks_pending_sink_handoff_never_writes_sink" time="0.173"><properties><property name="elspeth_node_id" value="tests/e2e/recovery/test_follower_join_and_drain.py::TestFollowerDispositions::test_follower_sink_bound_marks_pending_sink_handoff_never_writes_sink" /></properties></testcase><testcase classname="tests.e2e.recovery.test_follower_join_and_drain.TestFollowerLifecycle" name="test_follower_idle_backoff_rechecks_status_and_snapshot" time="0.160"><properties><property name="elspeth_node_id" value="tests/e2e/recovery/test_follower_join_and_drain.py::TestFollowerLifecycle::test_follower_idle_backoff_rechecks_status_and_snapshot" /></properties></testcase><testcase classname="tests.e2e.recovery.test_follower_join_and_drain.TestFollowerLifecycle" name="test_follower_run_terminal_departs_and_exits_zero" time="0.155"><properties><property name="elspeth_node_id" value="tests/e2e/recovery/test_follower_join_and_drain.py::TestFollowerLifecycle::test_follower_run_terminal_departs_and_exits_zero" /></properties></testcase><testcase classname="tests.e2e.recovery.test_follower_join_and_drain.TestFollowerLifecycle" name="test_follower_dead_seat_finishes_then_exits_naming_resume" time="0.151"><properties><property name="elspeth_node_id" value="tests/e2e/recovery/test_follower_join_and_drain.py::TestFollowerLifecycle::test_follower_dead_seat_finishes_then_exits_naming_resume" /></properties></testcase><testcase classname="tests.e2e.recovery.test_follower_join_and_drain.TestFollowerLifecycle" name="test_follower_sigint_finishes_or_abandons_departs_exits" time="0.159"><properties><property name="elspeth_node_id" value="tests/e2e/recovery/test_follower_join_and_drain.py::TestFollowerLifecycle::test_follower_sigint_finishes_or_abandons_departs_exits" /></properties></testcase><testcase classname="tests.e2e.recovery.test_follower_join_and_drain.TestFollowerEnqueueFence" name="test_active_follower_enqueue_ready_child_inserted" time="0.152"><properties><property name="elspeth_node_id" value="tests/e2e/recovery/test_follower_join_and_drain.py::TestFollowerEnqueueFence::test_active_follower_enqueue_ready_child_inserted" /></properties></testcase><testcase classname="tests.e2e.recovery.test_follower_join_and_drain.TestFollowerEnqueueFence" name="test_evicted_follower_enqueue_ready_raises_before_insert" time="0.329"><properties><property name="elspeth_node_id" value="tests/e2e/recovery/test_follower_join_and_drain.py::TestFollowerEnqueueFence::test_evicted_follower_enqueue_ready_raises_before_insert" /></properties></testcase><testcase classname="tests.e2e.recovery.test_follower_join_and_drain" name="test_real_follower_transform_success_hands_off_sink_without_sink_io" time="0.736"><properties><property name="elspeth_node_id" value="tests/e2e/recovery/test_follower_join_and_drain.py::test_real_follower_transform_success_hands_off_sink_without_sink_io" /></properties></testcase><testcase classname="tests.e2e.recovery.test_follower_join_and_drain" name="test_real_follower_gate_traversal_can_terminalize_without_leader_authority" time="0.096"><properties><property name="elspeth_node_id" value="tests/e2e/recovery/test_follower_join_and_drain.py::test_real_follower_gate_traversal_can_terminalize_without_leader_authority" /></properties></testcase><testcase classname="tests.e2e.recovery.test_follower_join_and_drain" name="test_real_follower_transform_failure_records_one_failed_disposition" time="0.102"><properties><property name="elspeth_node_id" value="tests/e2e/recovery/test_follower_join_and_drain.py::test_real_follower_transform_failure_records_one_failed_disposition" /></properties></testcase><testcase classname="tests.e2e.recovery.test_follower_join_and_drain" name="test_real_follower_scheduler_heartbeat_loss_abandons_result_without_disposition" time="0.148"><properties><property name="elspeth_node_id" value="tests/e2e/recovery/test_follower_join_and_drain.py::test_real_follower_scheduler_heartbeat_loss_abandons_result_without_disposition" /></properties></testcase><testcase classname="tests.e2e.recovery.test_run_coordination_uniformity.TestRunCoordinationUniformity" name="test_single_worker_run_is_leader_of_its_own_run" time="0.148"><properties><property name="elspeth_node_id" value="tests/e2e/recovery/test_run_coordination_uniformity.py::TestRunCoordinationUniformity::test_single_worker_run_is_leader_of_its_own_run" /></properties></testcase></testsuite></testsuites>