<?xml version="1.0" encoding="utf-8"?><testsuites name="pytest tests"><testsuite name="pytest" errors="0" failures="0" skipped="0" tests="712" time="432.732" timestamp="2026-08-15T05:48:33.016732+10:00" hostname="nyx.foundryside.dev"><testcase classname="tests.unit.helpers.test_state_engine_image" name="test_state_engine_table_inventory_covers_every_run_owned_table" time="0.207"><properties><property name="elspeth_node_id" value="tests/unit/helpers/test_state_engine_image.py::test_state_engine_table_inventory_covers_every_run_owned_table" /></properties></testcase><testcase classname="tests.unit.helpers.test_state_engine_image" name="test_canonicalize_state_value_normalizes_temporal_enum_and_binary_values" time="0.001"><properties><property name="elspeth_node_id" value="tests/unit/helpers/test_state_engine_image.py::test_canonicalize_state_value_normalizes_temporal_enum_and_binary_values" /></properties></testcase><testcase classname="tests.unit.helpers.test_state_engine_image" name="test_capture_is_exact_for_factory_database_and_explicit_url" time="2.897"><properties><property name="elspeth_node_id" value="tests/unit/helpers/test_state_engine_image.py::test_capture_is_exact_for_factory_database_and_explicit_url" /></properties></testcase><testcase classname="tests.unit.helpers.test_state_engine_image" name="test_durable_image_reports_only_allowlisted_delta" time="0.067"><properties><property name="elspeth_node_id" value="tests/unit/helpers/test_state_engine_image.py::test_durable_image_reports_only_allowlisted_delta" /></properties></testcase><testcase classname="tests.unit.helpers.test_state_engine_image" name="test_capture_excludes_rows_owned_by_another_run" time="0.068"><properties><property name="elspeth_node_id" value="tests/unit/helpers/test_state_engine_image.py::test_capture_excludes_rows_owned_by_another_run" /></properties></testcase><testcase classname="tests.unit.core.landscape.test_scheduler_queue_contract" name="test_exact_ready_replay_preserves_complete_state_engine_image" time="0.049"><properties><property name="elspeth_node_id" value="tests/unit/core/landscape/test_scheduler_queue_contract.py::test_exact_ready_replay_preserves_complete_state_engine_image" /></properties></testcase><testcase classname="tests.unit.core.landscape.test_scheduler_queue_contract" name="test_incompatible_ready_replay_preserves_complete_state_engine_image" time="0.051"><properties><property name="elspeth_node_id" value="tests/unit/core/landscape/test_scheduler_queue_contract.py::test_incompatible_ready_replay_preserves_complete_state_engine_image" /></properties></testcase><testcase classname="tests.unit.core.landscape.test_scheduler_queue_contract" name="test_reference_validation_refusal_preserves_complete_state_engine_image[token-cross-run]" time="0.043"><properties><property name="elspeth_node_id" value="tests/unit/core/landscape/test_scheduler_queue_contract.py::test_reference_validation_refusal_preserves_complete_state_engine_image[token-cross-run]" /></properties></testcase><testcase classname="tests.unit.core.landscape.test_scheduler_queue_contract" name="test_reference_validation_refusal_preserves_complete_state_engine_image[node-cross-run]" time="0.042"><properties><property name="elspeth_node_id" value="tests/unit/core/landscape/test_scheduler_queue_contract.py::test_reference_validation_refusal_preserves_complete_state_engine_image[node-cross-run]" /></properties></testcase><testcase classname="tests.unit.core.landscape.test_scheduler_queue_contract" name="test_reference_validation_refusal_preserves_complete_state_engine_image[ingest]" time="0.049"><properties><property name="elspeth_node_id" value="tests/unit/core/landscape/test_scheduler_queue_contract.py::test_reference_validation_refusal_preserves_complete_state_engine_image[ingest]" /></properties></testcase><testcase classname="tests.unit.core.landscape.test_scheduler_queue_contract" name="test_existing_ready_replay_emits_claim_only_and_preserves_every_other_field" time="0.049"><properties><property name="elspeth_node_id" value="tests/unit/core/landscape/test_scheduler_queue_contract.py::test_existing_ready_replay_emits_claim_only_and_preserves_every_other_field" /></properties></testcase><testcase classname="tests.unit.core.landscape.test_scheduler_queue_contract" name="test_new_enqueue_and_claim_event_failure_rolls_back_complete_state_engine_image[enqueue]" time="0.048"><properties><property name="elspeth_node_id" value="tests/unit/core/landscape/test_scheduler_queue_contract.py::test_new_enqueue_and_claim_event_failure_rolls_back_complete_state_engine_image[enqueue]" /></properties></testcase><testcase classname="tests.unit.core.landscape.test_scheduler_queue_contract" name="test_new_enqueue_and_claim_event_failure_rolls_back_complete_state_engine_image[claim_ready]" time="0.052"><properties><property name="elspeth_node_id" value="tests/unit/core/landscape/test_scheduler_queue_contract.py::test_new_enqueue_and_claim_event_failure_rolls_back_complete_state_engine_image[claim_ready]" /></properties></testcase><testcase classname="tests.unit.core.landscape.test_scheduler_queue_contract" name="test_existing_ready_claim_event_failure_rolls_back_complete_state_engine_image" time="0.050"><properties><property name="elspeth_node_id" value="tests/unit/core/landscape/test_scheduler_queue_contract.py::test_existing_ready_claim_event_failure_rolls_back_complete_state_engine_image" /></properties></testcase><testcase classname="tests.unit.core.landscape.test_scheduler_events" name="test_scheduler_events_schema_is_required_run_scoped_contract" time="0.001"><properties><property name="elspeth_node_id" value="tests/unit/core/landscape/test_scheduler_events.py::test_scheduler_events_schema_is_required_run_scoped_contract" /></properties></testcase><testcase classname="tests.unit.core.landscape.test_scheduler_events" name="test_enqueue_ready_records_single_idempotent_scheduler_event" time="0.027"><properties><property name="elspeth_node_id" value="tests/unit/core/landscape/test_scheduler_events.py::test_enqueue_ready_records_single_idempotent_scheduler_event" /></properties></testcase><testcase classname="tests.unit.core.landscape.test_scheduler_events" name="test_enqueue_ready_mismatch_diagnostics_redact_row_payload_values" time="0.027"><properties><property name="elspeth_node_id" value="tests/unit/core/landscape/test_scheduler_events.py::test_enqueue_ready_mismatch_diagnostics_redact_row_payload_values" /></properties></testcase><testcase classname="tests.unit.core.landscape.test_scheduler_events" name="test_enqueue_ready_claimed_records_enqueue_and_claim_events_in_one_operation" time="0.030"><properties><property name="elspeth_node_id" value="tests/unit/core/landscape/test_scheduler_events.py::test_enqueue_ready_claimed_records_enqueue_and_claim_events_in_one_operation" /></properties></testcase><testcase classname="tests.unit.core.landscape.test_scheduler_events" name="test_claim_and_terminal_events_record_status_and_lease_ownership" time="0.032"><properties><property name="elspeth_node_id" value="tests/unit/core/landscape/test_scheduler_events.py::test_claim_and_terminal_events_record_status_and_lease_ownership" /></properties></testcase><testcase classname="tests.unit.core.landscape.test_scheduler_events" name="test_recover_expired_leases_records_attempt_bump_and_previous_work_item" time="0.040"><properties><property name="elspeth_node_id" value="tests/unit/core/landscape/test_scheduler_events.py::test_recover_expired_leases_records_attempt_bump_and_previous_work_item" /></properties></testcase><testcase classname="tests.unit.core.landscape.test_scheduler_events" name="test_heartbeat_lease_lost_records_event_when_current_row_is_peer_owned" time="0.030"><properties><property name="elspeth_node_id" value="tests/unit/core/landscape/test_scheduler_events.py::test_heartbeat_lease_lost_records_event_when_current_row_is_peer_owned" /></properties></testcase><testcase classname="tests.unit.core.landscape.test_scheduler_events" name="test_heartbeat_lease_lost_records_event_when_expired_lease_was_recovered" time="0.033"><properties><property name="elspeth_node_id" value="tests/unit/core/landscape/test_scheduler_events.py::test_heartbeat_lease_lost_records_event_when_expired_lease_was_recovered" /></properties></testcase><testcase classname="tests.unit.core.landscape.test_scheduler_events" name="test_mark_blocked_and_mark_failed_record_transition_events" time="0.060"><properties><property name="elspeth_node_id" value="tests/unit/core/landscape/test_scheduler_events.py::test_mark_blocked_and_mark_failed_record_transition_events" /></properties></testcase><testcase classname="tests.unit.core.landscape.test_scheduler_events" name="test_pending_sink_claim_and_terminalization_record_transition_events" time="0.037"><properties><property name="elspeth_node_id" value="tests/unit/core/landscape/test_scheduler_events.py::test_pending_sink_claim_and_terminalization_record_transition_events" /></properties></testcase><testcase classname="tests.unit.core.landscape.test_scheduler_events" name="test_normal_dispositions_refuse_reclaimed_sink_redrive_without_mutation[mark_terminal]" time="0.047"><properties><property name="elspeth_node_id" value="tests/unit/core/landscape/test_scheduler_events.py::test_normal_dispositions_refuse_reclaimed_sink_redrive_without_mutation[mark_terminal]" /></properties></testcase><testcase classname="tests.unit.core.landscape.test_scheduler_events" name="test_normal_dispositions_refuse_reclaimed_sink_redrive_without_mutation[mark_failed]" time="0.038"><properties><property name="elspeth_node_id" value="tests/unit/core/landscape/test_scheduler_events.py::test_normal_dispositions_refuse_reclaimed_sink_redrive_without_mutation[mark_failed]" /></properties></testcase><testcase classname="tests.unit.core.landscape.test_scheduler_events" name="test_normal_dispositions_refuse_reclaimed_sink_redrive_without_mutation[mark_blocked]" time="0.036"><properties><property name="elspeth_node_id" value="tests/unit/core/landscape/test_scheduler_events.py::test_normal_dispositions_refuse_reclaimed_sink_redrive_without_mutation[mark_blocked]" /></properties></testcase><testcase classname="tests.unit.core.landscape.test_scheduler_events" name="test_normal_dispositions_refuse_reclaimed_sink_redrive_without_mutation[mark_pending_sink]" time="0.037"><properties><property name="elspeth_node_id" value="tests/unit/core/landscape/test_scheduler_events.py::test_normal_dispositions_refuse_reclaimed_sink_redrive_without_mutation[mark_pending_sink]" /></properties></testcase><testcase classname="tests.unit.core.landscape.test_scheduler_events" name="test_transform_disposition_truth_table_commits_exact_row_event_and_branch_loss[TS-07]" time="0.030"><properties><property name="elspeth_node_id" value="tests/unit/core/landscape/test_scheduler_events.py::test_transform_disposition_truth_table_commits_exact_row_event_and_branch_loss[TS-07]" /></properties></testcase><testcase classname="tests.unit.core.landscape.test_scheduler_events" name="test_transform_disposition_truth_table_commits_exact_row_event_and_branch_loss[TS-08]" time="0.032"><properties><property name="elspeth_node_id" value="tests/unit/core/landscape/test_scheduler_events.py::test_transform_disposition_truth_table_commits_exact_row_event_and_branch_loss[TS-08]" /></properties></testcase><testcase classname="tests.unit.core.landscape.test_scheduler_events" name="test_transform_disposition_truth_table_commits_exact_row_event_and_branch_loss[TS-09]" time="0.043"><properties><property name="elspeth_node_id" value="tests/unit/core/landscape/test_scheduler_events.py::test_transform_disposition_truth_table_commits_exact_row_event_and_branch_loss[TS-09]" /></properties></testcase><testcase classname="tests.unit.core.landscape.test_scheduler_events" name="test_transform_disposition_truth_table_commits_exact_row_event_and_branch_loss[TS-10]" time="0.033"><properties><property name="elspeth_node_id" value="tests/unit/core/landscape/test_scheduler_events.py::test_transform_disposition_truth_table_commits_exact_row_event_and_branch_loss[TS-10]" /></properties></testcase><testcase classname="tests.unit.core.landscape.test_scheduler_events" name="test_transform_disposition_truth_table_refuses_stale_owner_without_mutation[TS-07]" time="0.031"><properties><property name="elspeth_node_id" value="tests/unit/core/landscape/test_scheduler_events.py::test_transform_disposition_truth_table_refuses_stale_owner_without_mutation[TS-07]" /></properties></testcase><testcase classname="tests.unit.core.landscape.test_scheduler_events" name="test_transform_disposition_truth_table_refuses_stale_owner_without_mutation[TS-08]" time="0.031"><properties><property name="elspeth_node_id" value="tests/unit/core/landscape/test_scheduler_events.py::test_transform_disposition_truth_table_refuses_stale_owner_without_mutation[TS-08]" /></properties></testcase><testcase classname="tests.unit.core.landscape.test_scheduler_events" name="test_transform_disposition_truth_table_refuses_stale_owner_without_mutation[TS-09]" time="0.031"><properties><property name="elspeth_node_id" value="tests/unit/core/landscape/test_scheduler_events.py::test_transform_disposition_truth_table_refuses_stale_owner_without_mutation[TS-09]" /></properties></testcase><testcase classname="tests.unit.core.landscape.test_scheduler_events" name="test_transform_disposition_truth_table_refuses_stale_owner_without_mutation[TS-10]" time="0.031"><properties><property name="elspeth_node_id" value="tests/unit/core/landscape/test_scheduler_events.py::test_transform_disposition_truth_table_refuses_stale_owner_without_mutation[TS-10]" /></properties></testcase><testcase classname="tests.unit.core.landscape.test_scheduler_events" name="test_transform_disposition_truth_table_refuses_departed_member_without_mutation[TS-07]" time="0.032"><properties><property name="elspeth_node_id" value="tests/unit/core/landscape/test_scheduler_events.py::test_transform_disposition_truth_table_refuses_departed_member_without_mutation[TS-07]" /></properties></testcase><testcase classname="tests.unit.core.landscape.test_scheduler_events" name="test_transform_disposition_truth_table_refuses_departed_member_without_mutation[TS-08]" time="0.043"><properties><property name="elspeth_node_id" value="tests/unit/core/landscape/test_scheduler_events.py::test_transform_disposition_truth_table_refuses_departed_member_without_mutation[TS-08]" /></properties></testcase><testcase classname="tests.unit.core.landscape.test_scheduler_events" name="test_transform_disposition_truth_table_refuses_departed_member_without_mutation[TS-09]" time="0.032"><properties><property name="elspeth_node_id" value="tests/unit/core/landscape/test_scheduler_events.py::test_transform_disposition_truth_table_refuses_departed_member_without_mutation[TS-09]" /></properties></testcase><testcase classname="tests.unit.core.landscape.test_scheduler_events" name="test_transform_disposition_truth_table_refuses_departed_member_without_mutation[TS-10]" time="0.032"><properties><property name="elspeth_node_id" value="tests/unit/core/landscape/test_scheduler_events.py::test_transform_disposition_truth_table_refuses_departed_member_without_mutation[TS-10]" /></properties></testcase><testcase classname="tests.unit.core.landscape.test_scheduler_events" name="test_transform_disposition_truth_table_rolls_back_when_event_insert_fails[TS-07]" time="0.031"><properties><property name="elspeth_node_id" value="tests/unit/core/landscape/test_scheduler_events.py::test_transform_disposition_truth_table_rolls_back_when_event_insert_fails[TS-07]" /></properties></testcase><testcase classname="tests.unit.core.landscape.test_scheduler_events" name="test_transform_disposition_truth_table_rolls_back_when_event_insert_fails[TS-08]" time="0.030"><properties><property name="elspeth_node_id" value="tests/unit/core/landscape/test_scheduler_events.py::test_transform_disposition_truth_table_rolls_back_when_event_insert_fails[TS-08]" /></properties></testcase><testcase classname="tests.unit.core.landscape.test_scheduler_events" name="test_transform_disposition_truth_table_rolls_back_when_event_insert_fails[TS-09]" time="0.030"><properties><property name="elspeth_node_id" value="tests/unit/core/landscape/test_scheduler_events.py::test_transform_disposition_truth_table_rolls_back_when_event_insert_fails[TS-09]" /></properties></testcase><testcase classname="tests.unit.core.landscape.test_scheduler_events" name="test_transform_disposition_truth_table_rolls_back_when_event_insert_fails[TS-10]" time="0.032"><properties><property name="elspeth_node_id" value="tests/unit/core/landscape/test_scheduler_events.py::test_transform_disposition_truth_table_rolls_back_when_event_insert_fails[TS-10]" /></properties></testcase><testcase classname="tests.unit.core.landscape.test_scheduler_events" name="test_branch_loss_failure_rolls_back_disposition_row_and_event[mark_terminal]" time="0.042"><properties><property name="elspeth_node_id" value="tests/unit/core/landscape/test_scheduler_events.py::test_branch_loss_failure_rolls_back_disposition_row_and_event[mark_terminal]" /></properties></testcase><testcase classname="tests.unit.core.landscape.test_scheduler_events" name="test_branch_loss_failure_rolls_back_disposition_row_and_event[mark_failed]" time="0.032"><properties><property name="elspeth_node_id" value="tests/unit/core/landscape/test_scheduler_events.py::test_branch_loss_failure_rolls_back_disposition_row_and_event[mark_failed]" /></properties></testcase><testcase classname="tests.unit.core.landscape.test_scheduler_events" name="test_branch_loss_failure_rolls_back_disposition_row_and_event[mark_pending_sink]" time="0.035"><properties><property name="elspeth_node_id" value="tests/unit/core/landscape/test_scheduler_events.py::test_branch_loss_failure_rolls_back_disposition_row_and_event[mark_pending_sink]" /></properties></testcase><testcase classname="tests.unit.core.landscape.test_scheduler_events" name="test_mark_blocked_refuses_missing_release_key_without_mutation" time="0.030"><properties><property name="elspeth_node_id" value="tests/unit/core/landscape/test_scheduler_events.py::test_mark_blocked_refuses_missing_release_key_without_mutation" /></properties></testcase><testcase classname="tests.unit.core.landscape.test_scheduler_events" name="test_mark_pending_sink_rejects_incomplete_bundle_without_mutation[empty-payload]" time="0.032"><properties><property name="elspeth_node_id" value="tests/unit/core/landscape/test_scheduler_events.py::test_mark_pending_sink_rejects_incomplete_bundle_without_mutation[empty-payload]" /></properties></testcase><testcase classname="tests.unit.core.landscape.test_scheduler_events" name="test_mark_pending_sink_rejects_incomplete_bundle_without_mutation[empty-sink-name]" time="0.032"><properties><property name="elspeth_node_id" value="tests/unit/core/landscape/test_scheduler_events.py::test_mark_pending_sink_rejects_incomplete_bundle_without_mutation[empty-sink-name]" /></properties></testcase><testcase classname="tests.unit.core.landscape.test_scheduler_events" name="test_mark_pending_sink_rejects_incomplete_bundle_without_mutation[illegal-outcome-path-pair]" time="0.032"><properties><property name="elspeth_node_id" value="tests/unit/core/landscape/test_scheduler_events.py::test_mark_pending_sink_rejects_incomplete_bundle_without_mutation[illegal-outcome-path-pair]" /></properties></testcase><testcase classname="tests.unit.core.landscape.test_scheduler_events" name="test_mark_pending_sink_rejects_incomplete_bundle_without_mutation[missing-error-hash]" time="0.044"><properties><property name="elspeth_node_id" value="tests/unit/core/landscape/test_scheduler_events.py::test_mark_pending_sink_rejects_incomplete_bundle_without_mutation[missing-error-hash]" /></properties></testcase><testcase classname="tests.unit.core.landscape.test_scheduler_events" name="test_mark_pending_sink_rejects_incomplete_bundle_without_mutation[unexpected-error-hash]" time="0.032"><properties><property name="elspeth_node_id" value="tests/unit/core/landscape/test_scheduler_events.py::test_mark_pending_sink_rejects_incomplete_bundle_without_mutation[unexpected-error-hash]" /></properties></testcase><testcase classname="tests.unit.core.landscape.test_scheduler_events" name="test_mark_pending_sink_rejects_incomplete_bundle_without_mutation[coalesced-without-join-group]" time="0.032"><properties><property name="elspeth_node_id" value="tests/unit/core/landscape/test_scheduler_events.py::test_mark_pending_sink_rejects_incomplete_bundle_without_mutation[coalesced-without-join-group]" /></properties></testcase><testcase classname="tests.unit.core.landscape.test_scheduler_events" name="test_dedicated_sink_redrive_terminalizers_still_accept_reclaimed_sink_leases[mark_pending_sink_terminal]" time="0.036"><properties><property name="elspeth_node_id" value="tests/unit/core/landscape/test_scheduler_events.py::test_dedicated_sink_redrive_terminalizers_still_accept_reclaimed_sink_leases[mark_pending_sink_terminal]" /></properties></testcase><testcase classname="tests.unit.core.landscape.test_scheduler_events" name="test_dedicated_sink_redrive_terminalizers_still_accept_reclaimed_sink_leases[mark_pending_sink_terminal_many]" time="0.040"><properties><property name="elspeth_node_id" value="tests/unit/core/landscape/test_scheduler_events.py::test_dedicated_sink_redrive_terminalizers_still_accept_reclaimed_sink_leases[mark_pending_sink_terminal_many]" /></properties></testcase><testcase classname="tests.unit.core.landscape.test_scheduler_events" name="test_normal_disposition_rolls_back_when_scheduler_event_insert_fails" time="0.035"><properties><property name="elspeth_node_id" value="tests/unit/core/landscape/test_scheduler_events.py::test_normal_disposition_rolls_back_when_scheduler_event_insert_fails" /></properties></testcase><testcase classname="tests.unit.core.landscape.test_scheduler_events" name="test_ts11_pending_sink_terminal_rolls_back_when_scheduler_event_insert_fails" time="0.047"><properties><property name="elspeth_node_id" value="tests/unit/core/landscape/test_scheduler_events.py::test_ts11_pending_sink_terminal_rolls_back_when_scheduler_event_insert_fails" /></properties></testcase><testcase classname="tests.unit.core.landscape.test_scheduler_events" name="test_ts12_reclaimed_sink_lease_terminal_rolls_back_when_scheduler_event_insert_fails" time="0.038"><properties><property name="elspeth_node_id" value="tests/unit/core/landscape/test_scheduler_events.py::test_ts12_reclaimed_sink_lease_terminal_rolls_back_when_scheduler_event_insert_fails" /></properties></testcase><testcase classname="tests.unit.core.landscape.test_scheduler_events" name="test_ts13_mixed_pending_and_reclaimed_batch_rolls_back_on_second_event_insert_failure" time="0.044"><properties><property name="elspeth_node_id" value="tests/unit/core/landscape/test_scheduler_events.py::test_ts13_mixed_pending_and_reclaimed_batch_rolls_back_on_second_event_insert_failure" /></properties></testcase><testcase classname="tests.unit.core.landscape.test_scheduler_events" name="test_ts14_outcome_witness_repair_rolls_back_when_scheduler_event_insert_fails" time="0.036"><properties><property name="elspeth_node_id" value="tests/unit/core/landscape/test_scheduler_events.py::test_ts14_outcome_witness_repair_rolls_back_when_scheduler_event_insert_fails" /></properties></testcase><testcase classname="tests.unit.core.landscape.test_scheduler_events" name="test_pending_sink_batch_terminalization_records_per_token_events" time="0.039"><properties><property name="elspeth_node_id" value="tests/unit/core/landscape/test_scheduler_events.py::test_pending_sink_batch_terminalization_records_per_token_events" /></properties></testcase><testcase classname="tests.unit.core.landscape.test_scheduler_events" name="test_pending_sink_batch_terminalization_rejects_duplicate_token_ids" time="0.032"><properties><property name="elspeth_node_id" value="tests/unit/core/landscape/test_scheduler_events.py::test_pending_sink_batch_terminalization_rejects_duplicate_token_ids" /></properties></testcase><testcase classname="tests.unit.core.landscape.test_scheduler_events" name="test_pending_sink_batch_terminalization_requires_every_requested_token" time="0.045"><properties><property name="elspeth_node_id" value="tests/unit/core/landscape/test_scheduler_events.py::test_pending_sink_batch_terminalization_requires_every_requested_token" /></properties></testcase><testcase classname="tests.unit.core.landscape.test_scheduler_events" name="test_f08_pending_sink_batch_refuses_foreign_run_member_without_mutation" time="0.039"><properties><property name="elspeth_node_id" value="tests/unit/core/landscape/test_scheduler_events.py::test_f08_pending_sink_batch_refuses_foreign_run_member_without_mutation" /></properties></testcase><testcase classname="tests.unit.core.landscape.test_scheduler_events" name="test_f08_pending_sink_batch_refuses_incomplete_member_without_mutating_valid_sibling" time="0.040"><properties><property name="elspeth_node_id" value="tests/unit/core/landscape/test_scheduler_events.py::test_f08_pending_sink_batch_refuses_incomplete_member_without_mutating_valid_sibling" /></properties></testcase><testcase classname="tests.unit.core.landscape.test_scheduler_events" name="test_f08_pending_sink_batch_revalidates_completeness_after_first_event" time="0.041"><properties><property name="elspeth_node_id" value="tests/unit/core/landscape/test_scheduler_events.py::test_f08_pending_sink_batch_revalidates_completeness_after_first_event" /></properties></testcase><testcase classname="tests.unit.core.landscape.test_scheduler_events" name="test_f08_repeating_successful_sink_batch_refuses_without_duplicate_events" time="0.041"><properties><property name="elspeth_node_id" value="tests/unit/core/landscape/test_scheduler_events.py::test_f08_repeating_successful_sink_batch_refuses_without_duplicate_events" /></properties></testcase><testcase classname="tests.unit.core.landscape.test_scheduler_events" name="test_pending_sink_batch_terminalization_rejects_wrong_lease_owner" time="0.046"><properties><property name="elspeth_node_id" value="tests/unit/core/landscape/test_scheduler_events.py::test_pending_sink_batch_terminalization_rejects_wrong_lease_owner" /></properties></testcase><testcase classname="tests.unit.core.landscape.test_scheduler_events" name="test_pending_sink_with_terminal_outcome_is_repaired_without_reclaiming_sink" time="0.298"><properties><property name="elspeth_node_id" value="tests/unit/core/landscape/test_scheduler_events.py::test_pending_sink_with_terminal_outcome_is_repaired_without_reclaiming_sink" /></properties></testcase><testcase classname="tests.unit.core.landscape.test_scheduler_events" name="test_ts14_outcome_repair_without_witness_only_refreshes_the_leader_fence" time="0.034"><properties><property name="elspeth_node_id" value="tests/unit/core/landscape/test_scheduler_events.py::test_ts14_outcome_repair_without_witness_only_refreshes_the_leader_fence" /></properties></testcase><testcase classname="tests.unit.core.landscape.test_scheduler_events" name="test_blocked_barrier_terminalization_records_transition_event" time="0.033"><properties><property name="elspeth_node_id" value="tests/unit/core/landscape/test_scheduler_events.py::test_blocked_barrier_terminalization_records_transition_event" /></properties></testcase><testcase classname="tests.unit.core.landscape.test_scheduler_events" name="test_blocked_barrier_pending_sink_handoff_records_state_and_event" time="0.034"><properties><property name="elspeth_node_id" value="tests/unit/core/landscape/test_scheduler_events.py::test_blocked_barrier_pending_sink_handoff_records_state_and_event" /></properties></testcase><testcase classname="tests.unit.core.landscape.test_scheduler_events" name="test_claim_ready_rolls_back_work_item_update_when_scheduler_event_insert_fails" time="0.030"><properties><property name="elspeth_node_id" value="tests/unit/core/landscape/test_scheduler_events.py::test_claim_ready_rolls_back_work_item_update_when_scheduler_event_insert_fails" /></properties></testcase><testcase classname="tests.unit.core.landscape.test_scheduler_events" name="test_query_repository_lists_scheduler_events_by_token_history" time="0.045"><properties><property name="elspeth_node_id" value="tests/unit/core/landscape/test_scheduler_events.py::test_query_repository_lists_scheduler_events_by_token_history" /></properties></testcase><testcase classname="tests.unit.core.landscape.test_scheduler_events" name="test_scheduler_event_store_wraps_database_rejection_as_landscape_record_error" time="0.001"><properties><property name="elspeth_node_id" value="tests/unit/core/landscape/test_scheduler_events.py::test_scheduler_event_store_wraps_database_rejection_as_landscape_record_error" /></properties></testcase><testcase classname="tests.unit.core.landscape.test_scheduler_events" name="test_scheduler_event_store_rejects_unexpected_returned_identity" time="0.001"><properties><property name="elspeth_node_id" value="tests/unit/core/landscape/test_scheduler_events.py::test_scheduler_event_store_rejects_unexpected_returned_identity" /></properties></testcase><testcase classname="tests.unit.core.landscape.test_scheduler_events" name="test_recovery_event_reader_rejects_unparseable_context_json" time="0.024"><properties><property name="elspeth_node_id" value="tests/unit/core/landscape/test_scheduler_events.py::test_recovery_event_reader_rejects_unparseable_context_json" /></properties></testcase><testcase classname="tests.unit.core.landscape.test_scheduler_events" name="test_recovery_event_reader_rejects_non_object_context_json" time="0.024"><properties><property name="elspeth_node_id" value="tests/unit/core/landscape/test_scheduler_events.py::test_recovery_event_reader_rejects_non_object_context_json" /></properties></testcase><testcase classname="tests.unit.core.landscape.test_scheduler_events" name="test_recovery_event_reader_rejects_non_string_previous_work_item_id" time="0.024"><properties><property name="elspeth_node_id" value="tests/unit/core/landscape/test_scheduler_events.py::test_recovery_event_reader_rejects_non_string_previous_work_item_id" /></properties></testcase><testcase classname="tests.unit.core.landscape.test_scheduler_events" name="test_recovery_event_reader_skips_unrelated_events_and_returns_none" time="0.023"><properties><property name="elspeth_node_id" value="tests/unit/core/landscape/test_scheduler_events.py::test_recovery_event_reader_skips_unrelated_events_and_returns_none" /></properties></testcase><testcase classname="tests.unit.core.landscape.test_scheduler_fencing" name="test_ambiguous_optional_authority_helper_is_removed" time="0.000"><properties><property name="elspeth_node_id" value="tests/unit/core/landscape/test_scheduler_fencing.py::test_ambiguous_optional_authority_helper_is_removed" /></properties></testcase><testcase classname="tests.unit.core.landscape.test_scheduler_fencing" name="test_strict_helper_rejects_runtime_none_before_transaction" time="0.023"><properties><property name="elspeth_node_id" value="tests/unit/core/landscape/test_scheduler_fencing.py::test_strict_helper_rejects_runtime_none_before_transaction" /></properties></testcase><testcase classname="tests.unit.core.landscape.test_scheduler_fencing" name="test_strict_helper_type_contract_forbids_optional_authority" time="0.001"><properties><property name="elspeth_node_id" value="tests/unit/core/landscape/test_scheduler_fencing.py::test_strict_helper_type_contract_forbids_optional_authority" /></properties></testcase><testcase classname="tests.unit.core.landscape.test_scheduler_fencing" name="test_barrier_wrapper_type_contract_requires_authority[terminal-journal]" time="0.001"><properties><property name="elspeth_node_id" value="tests/unit/core/landscape/test_scheduler_fencing.py::test_barrier_wrapper_type_contract_requires_authority[terminal-journal]" /></properties></testcase><testcase classname="tests.unit.core.landscape.test_scheduler_fencing" name="test_barrier_wrapper_type_contract_requires_authority[terminal-facade]" time="0.000"><properties><property name="elspeth_node_id" value="tests/unit/core/landscape/test_scheduler_fencing.py::test_barrier_wrapper_type_contract_requires_authority[terminal-facade]" /></properties></testcase><testcase classname="tests.unit.core.landscape.test_scheduler_fencing" name="test_barrier_wrapper_type_contract_requires_authority[pending-sink-journal]" time="0.000"><properties><property name="elspeth_node_id" value="tests/unit/core/landscape/test_scheduler_fencing.py::test_barrier_wrapper_type_contract_requires_authority[pending-sink-journal]" /></properties></testcase><testcase classname="tests.unit.core.landscape.test_scheduler_fencing" name="test_barrier_wrapper_type_contract_requires_authority[pending-sink-facade]" time="0.000"><properties><property name="elspeth_node_id" value="tests/unit/core/landscape/test_scheduler_fencing.py::test_barrier_wrapper_type_contract_requires_authority[pending-sink-facade]" /></properties></testcase><testcase classname="tests.unit.core.landscape.test_scheduler_fencing" name="test_strict_recovery_api_requires_non_optional_authority[SchedulerLeaseRepository]" time="0.000"><properties><property name="elspeth_node_id" value="tests/unit/core/landscape/test_scheduler_fencing.py::test_strict_recovery_api_requires_non_optional_authority[SchedulerLeaseRepository]" /></properties></testcase><testcase classname="tests.unit.core.landscape.test_scheduler_fencing" name="test_strict_recovery_api_requires_non_optional_authority[TokenSchedulerRepository]" time="0.000"><properties><property name="elspeth_node_id" value="tests/unit/core/landscape/test_scheduler_fencing.py::test_strict_recovery_api_requires_non_optional_authority[TokenSchedulerRepository]" /></properties></testcase><testcase classname="tests.unit.core.landscape.test_scheduler_fencing" name="test_required_coordination_parameter_accepts_equivalent_annotations[alias]" time="0.000"><properties><property name="elspeth_node_id" value="tests/unit/core/landscape/test_scheduler_fencing.py::test_required_coordination_parameter_accepts_equivalent_annotations[alias]" /></properties></testcase><testcase classname="tests.unit.core.landscape.test_scheduler_fencing" name="test_required_coordination_parameter_accepts_equivalent_annotations[qualified]" time="0.000"><properties><property name="elspeth_node_id" value="tests/unit/core/landscape/test_scheduler_fencing.py::test_required_coordination_parameter_accepts_equivalent_annotations[qualified]" /></properties></testcase><testcase classname="tests.unit.core.landscape.test_scheduler_fencing" name="test_required_coordination_parameter_rejects_wrong_runtime_binding" time="0.000"><properties><property name="elspeth_node_id" value="tests/unit/core/landscape/test_scheduler_fencing.py::test_required_coordination_parameter_rejects_wrong_runtime_binding" /></properties></testcase><testcase classname="tests.unit.core.landscape.test_scheduler_fencing" name="test_legacy_recovery_api_is_explicitly_named_and_has_no_authority_selector[SchedulerLeaseRepository]" time="0.000"><properties><property name="elspeth_node_id" value="tests/unit/core/landscape/test_scheduler_fencing.py::test_legacy_recovery_api_is_explicitly_named_and_has_no_authority_selector[SchedulerLeaseRepository]" /></properties></testcase><testcase classname="tests.unit.core.landscape.test_scheduler_fencing" name="test_legacy_recovery_api_is_explicitly_named_and_has_no_authority_selector[TokenSchedulerRepository]" time="0.000"><properties><property name="elspeth_node_id" value="tests/unit/core/landscape/test_scheduler_fencing.py::test_legacy_recovery_api_is_explicitly_named_and_has_no_authority_selector[TokenSchedulerRepository]" /></properties></testcase><testcase classname="tests.unit.core.landscape.test_scheduler_fencing" name="test_strict_helper_accepts_current_token_and_commits" time="0.024"><properties><property name="elspeth_node_id" value="tests/unit/core/landscape/test_scheduler_fencing.py::test_strict_helper_accepts_current_token_and_commits" /></properties></testcase><testcase classname="tests.unit.core.landscape.test_scheduler_fencing" name="test_strict_helper_refuses_stale_token_without_payload_mutation" time="0.026"><properties><property name="elspeth_node_id" value="tests/unit/core/landscape/test_scheduler_fencing.py::test_strict_helper_refuses_stale_token_without_payload_mutation" /></properties></testcase><testcase classname="tests.unit.core.landscape.test_scheduler_fencing" name="test_recovery_specific_legacy_helper_is_plain_without_a_verb_selector" time="0.023"><properties><property name="elspeth_node_id" value="tests/unit/core/landscape/test_scheduler_fencing.py::test_recovery_specific_legacy_helper_is_plain_without_a_verb_selector" /></properties></testcase><testcase classname="tests.unit.core.landscape.test_scheduler_fencing" name="test_legacy_helper_source_contract_detects_reference_mutations[bare-call]" time="0.001"><properties><property name="elspeth_node_id" value="tests/unit/core/landscape/test_scheduler_fencing.py::test_legacy_helper_source_contract_detects_reference_mutations[bare-call]" /></properties></testcase><testcase classname="tests.unit.core.landscape.test_scheduler_fencing" name="test_legacy_helper_source_contract_detects_reference_mutations[module-qualified-call]" time="0.000"><properties><property name="elspeth_node_id" value="tests/unit/core/landscape/test_scheduler_fencing.py::test_legacy_helper_source_contract_detects_reference_mutations[module-qualified-call]" /></properties></testcase><testcase classname="tests.unit.core.landscape.test_scheduler_fencing" name="test_legacy_helper_source_contract_detects_reference_mutations[import-aliased-call]" time="0.000"><properties><property name="elspeth_node_id" value="tests/unit/core/landscape/test_scheduler_fencing.py::test_legacy_helper_source_contract_detects_reference_mutations[import-aliased-call]" /></properties></testcase><testcase classname="tests.unit.core.landscape.test_scheduler_fencing" name="test_legacy_helper_source_contract_detects_reference_mutations[module-import-aliased-call]" time="0.000"><properties><property name="elspeth_node_id" value="tests/unit/core/landscape/test_scheduler_fencing.py::test_legacy_helper_source_contract_detects_reference_mutations[module-import-aliased-call]" /></properties></testcase><testcase classname="tests.unit.core.landscape.test_scheduler_fencing" name="test_legacy_helper_source_contract_detects_reference_mutations[assigned-bare-alias-call]" time="0.001"><properties><property name="elspeth_node_id" value="tests/unit/core/landscape/test_scheduler_fencing.py::test_legacy_helper_source_contract_detects_reference_mutations[assigned-bare-alias-call]" /></properties></testcase><testcase classname="tests.unit.core.landscape.test_scheduler_fencing" name="test_legacy_helper_source_contract_detects_reference_mutations[assigned-qualified-alias-call]" time="0.000"><properties><property name="elspeth_node_id" value="tests/unit/core/landscape/test_scheduler_fencing.py::test_legacy_helper_source_contract_detects_reference_mutations[assigned-qualified-alias-call]" /></properties></testcase><testcase classname="tests.unit.core.landscape.test_scheduler_fencing" name="test_legacy_helper_source_contract_detects_reference_mutations[bare-value-reference]" time="0.000"><properties><property name="elspeth_node_id" value="tests/unit/core/landscape/test_scheduler_fencing.py::test_legacy_helper_source_contract_detects_reference_mutations[bare-value-reference]" /></properties></testcase><testcase classname="tests.unit.core.landscape.test_scheduler_fencing" name="test_legacy_helper_source_contract_detects_reference_mutations[qualified-value-reference]" time="0.000"><properties><property name="elspeth_node_id" value="tests/unit/core/landscape/test_scheduler_fencing.py::test_legacy_helper_source_contract_detects_reference_mutations[qualified-value-reference]" /></properties></testcase><testcase classname="tests.unit.core.landscape.test_scheduler_fencing" name="test_legacy_helper_reference_is_isolated_to_named_legacy_adapter_across_package" time="4.018"><properties><property name="elspeth_node_id" value="tests/unit/core/landscape/test_scheduler_fencing.py::test_legacy_helper_reference_is_isolated_to_named_legacy_adapter_across_package" /></properties></testcase><testcase classname="tests.unit.core.landscape.test_scheduler_fencing" name="test_production_sources_do_not_call_legacy_recovery_adapter" time="2.484"><properties><property name="elspeth_node_id" value="tests/unit/core/landscape/test_scheduler_fencing.py::test_production_sources_do_not_call_legacy_recovery_adapter" /></properties></testcase><testcase classname="tests.unit.core.landscape.test_scheduler_fencing" name="test_scheduler_sources_have_no_optional_authority_transaction_selector" time="0.001"><properties><property name="elspeth_node_id" value="tests/unit/core/landscape/test_scheduler_fencing.py::test_scheduler_sources_have_no_optional_authority_transaction_selector" /></properties></testcase><testcase classname="tests.unit.core.landscape.test_scheduler_fencing" name="test_generic_legacy_unfenced_write_selector_is_removed" time="0.000"><properties><property name="elspeth_node_id" value="tests/unit/core/landscape/test_scheduler_fencing.py::test_generic_legacy_unfenced_write_selector_is_removed" /></properties></testcase><testcase classname="tests.unit.core.landscape.test_scheduler_lease_recovery_races" name="test_named_legacy_adapter_preserves_pre_coordination_direct_harness_recovery" time="0.056"><properties><property name="elspeth_node_id" value="tests/unit/core/landscape/test_scheduler_lease_recovery_races.py::test_named_legacy_adapter_preserves_pre_coordination_direct_harness_recovery" /></properties></testcase><testcase classname="tests.unit.core.landscape.test_scheduler_lease_recovery_races" name="test_heartbeat_membership_fence_observes_eviction_committed_immediately_before_begin" time="0.052"><properties><property name="elspeth_node_id" value="tests/unit/core/landscape/test_scheduler_lease_recovery_races.py::test_heartbeat_membership_fence_observes_eviction_committed_immediately_before_begin" /></properties></testcase><testcase classname="tests.unit.core.landscape.test_scheduler_lease_recovery_races" name="test_ts03_and_aux01_claim_and_heartbeat_have_exact_durable_images" time="0.054"><properties><property name="elspeth_node_id" value="tests/unit/core/landscape/test_scheduler_lease_recovery_races.py::test_ts03_and_aux01_claim_and_heartbeat_have_exact_durable_images" /></properties></testcase><testcase classname="tests.unit.core.landscape.test_scheduler_lease_recovery_races" name="test_ts04_and_ts06_sink_redrive_claim_and_recovery_preserve_complete_bundle" time="0.074"><properties><property name="elspeth_node_id" value="tests/unit/core/landscape/test_scheduler_lease_recovery_races.py::test_ts04_and_ts06_sink_redrive_claim_and_recovery_preserve_complete_bundle" /></properties></testcase><testcase classname="tests.unit.core.landscape.test_scheduler_lease_recovery_races" name="test_ts04_and_ts06_coalesced_sink_redrive_preserves_join_group_and_complete_bundle" time="0.063"><properties><property name="elspeth_node_id" value="tests/unit/core/landscape/test_scheduler_lease_recovery_races.py::test_ts04_and_ts06_coalesced_sink_redrive_preserves_join_group_and_complete_bundle" /></properties></testcase><testcase classname="tests.unit.core.landscape.test_scheduler_lease_recovery_races" name="test_ts05_and_aux07_strict_transform_recovery_rotates_identity_under_exact_epoch" time="0.052"><properties><property name="elspeth_node_id" value="tests/unit/core/landscape/test_scheduler_lease_recovery_races.py::test_ts05_and_aux07_strict_transform_recovery_rotates_identity_under_exact_epoch" /></properties></testcase><testcase classname="tests.unit.core.landscape.test_scheduler_lease_recovery_races" name="test_ts05_and_ts06_expiry_equality_is_not_recoverable_for_either_lease_subtype" time="0.054"><properties><property name="elspeth_node_id" value="tests/unit/core/landscape/test_scheduler_lease_recovery_races.py::test_ts05_and_ts06_expiry_equality_is_not_recoverable_for_either_lease_subtype" /></properties></testcase><testcase classname="tests.unit.core.landscape.test_scheduler_lease_recovery_races" name="test_ts05_stall_budget_equality_refuses_then_strictly_past_budget_recovers" time="0.053"><properties><property name="elspeth_node_id" value="tests/unit/core/landscape/test_scheduler_lease_recovery_races.py::test_ts05_stall_budget_equality_refuses_then_strictly_past_budget_recovers" /></properties></testcase><testcase classname="tests.unit.core.landscape.test_scheduler_lease_recovery_races" name="test_aux02_heartbeat_loss_adds_only_lease_lost_evidence_after_recovery" time="0.045"><properties><property name="elspeth_node_id" value="tests/unit/core/landscape/test_scheduler_lease_recovery_races.py::test_aux02_heartbeat_loss_adds_only_lease_lost_evidence_after_recovery" /></properties></testcase><testcase classname="tests.unit.core.landscape.test_scheduler_lease_recovery_races" name="test_aux06_inactive_registered_workers_cannot_claim_either_lease_subtype[departed]" time="0.060"><properties><property name="elspeth_node_id" value="tests/unit/core/landscape/test_scheduler_lease_recovery_races.py::test_aux06_inactive_registered_workers_cannot_claim_either_lease_subtype[departed]" /></properties></testcase><testcase classname="tests.unit.core.landscape.test_scheduler_lease_recovery_races" name="test_aux06_inactive_registered_workers_cannot_claim_either_lease_subtype[evicted]" time="0.069"><properties><property name="elspeth_node_id" value="tests/unit/core/landscape/test_scheduler_lease_recovery_races.py::test_aux06_inactive_registered_workers_cannot_claim_either_lease_subtype[evicted]" /></properties></testcase><testcase classname="tests.unit.core.landscape.test_scheduler_lease_recovery_races" name="test_ts06_recovery_refuses_malformed_sink_redrive_bundle_without_mutation" time="0.053"><properties><property name="elspeth_node_id" value="tests/unit/core/landscape/test_scheduler_lease_recovery_races.py::test_ts06_recovery_refuses_malformed_sink_redrive_bundle_without_mutation" /></properties></testcase><testcase classname="tests.unit.core.landscape.test_scheduler_lease_recovery_races" name="test_ts06_recovery_cas_rechecks_bundle_and_rolls_back_same_transaction_corruption" time="0.053"><properties><property name="elspeth_node_id" value="tests/unit/core/landscape/test_scheduler_lease_recovery_races.py::test_ts06_recovery_cas_rechecks_bundle_and_rolls_back_same_transaction_corruption" /></properties></testcase><testcase classname="tests.unit.core.landscape.test_scheduler_lease_recovery_races" name="test_claim_ready_probing_mid_sweep_is_lock_excluded_until_recovery_commits" time="0.153"><properties><property name="elspeth_node_id" value="tests/unit/core/landscape/test_scheduler_lease_recovery_races.py::test_claim_ready_probing_mid_sweep_is_lock_excluded_until_recovery_commits" /></properties></testcase><testcase classname="tests.unit.core.landscape.test_scheduler_lease_recovery_races" name="test_peer_recovery_in_select_update_window_is_lock_excluded_and_loses_cleanly_after_commit" time="0.153"><properties><property name="elspeth_node_id" value="tests/unit/core/landscape/test_scheduler_lease_recovery_races.py::test_peer_recovery_in_select_update_window_is_lock_excluded_and_loses_cleanly_after_commit" /></properties></testcase><testcase classname="tests.unit.core.landscape.test_scheduler_lease_recovery_races" name="test_peer_claim_in_select_update_window_is_lock_excluded_single_owner" time="0.162"><properties><property name="elspeth_node_id" value="tests/unit/core/landscape/test_scheduler_lease_recovery_races.py::test_peer_claim_in_select_update_window_is_lock_excluded_single_owner" /></properties></testcase><testcase classname="tests.unit.core.landscape.test_scheduler_lease_recovery_races" name="test_crash_mid_sweep_rolls_back_atomically_and_repeat_sweep_completes[2]" time="0.054"><properties><property name="elspeth_node_id" value="tests/unit/core/landscape/test_scheduler_lease_recovery_races.py::test_crash_mid_sweep_rolls_back_atomically_and_repeat_sweep_completes[2]" /></properties></testcase><testcase classname="tests.unit.core.landscape.test_scheduler_lease_recovery_races" name="test_crash_mid_sweep_rolls_back_atomically_and_repeat_sweep_completes[3]" time="0.057"><properties><property name="elspeth_node_id" value="tests/unit/core/landscape/test_scheduler_lease_recovery_races.py::test_crash_mid_sweep_rolls_back_atomically_and_repeat_sweep_completes[3]" /></properties></testcase><testcase classname="tests.unit.core.landscape.test_run_coordination_repository.TestWorkerIdentity" name="test_mint_worker_id_shape_and_uniqueness" time="0.001"><properties><property name="elspeth_node_id" value="tests/unit/core/landscape/test_run_coordination_repository.py::TestWorkerIdentity::test_mint_worker_id_shape_and_uniqueness" /></properties></testcase><testcase classname="tests.unit.core.landscape.test_run_coordination_repository.TestSeatMint" name="test_register_mints_epoch_one_token" time="0.033"><properties><property name="elspeth_node_id" value="tests/unit/core/landscape/test_run_coordination_repository.py::TestSeatMint::test_register_mints_epoch_one_token" /></properties></testcase><testcase classname="tests.unit.core.landscape.test_run_coordination_repository.TestSeatMint" name="test_register_creates_leader_registry_row_with_forensics" time="0.031"><properties><property name="elspeth_node_id" value="tests/unit/core/landscape/test_run_coordination_repository.py::TestSeatMint::test_register_creates_leader_registry_row_with_forensics" /></properties></testcase><testcase classname="tests.unit.core.landscape.test_run_coordination_repository.TestSeatMint" name="test_register_events_worker_register_then_leader_acquire" time="0.030"><properties><property name="elspeth_node_id" value="tests/unit/core/landscape/test_run_coordination_repository.py::TestSeatMint::test_register_events_worker_register_then_leader_acquire" /></properties></testcase><testcase classname="tests.unit.core.landscape.test_run_coordination_repository.TestSeatMint" name="test_register_on_connection_is_public_composition_surface" time="0.038"><properties><property name="elspeth_node_id" value="tests/unit/core/landscape/test_run_coordination_repository.py::TestSeatMint::test_register_on_connection_is_public_composition_surface" /></properties></testcase><testcase classname="tests.unit.core.landscape.test_run_coordination_repository.TestAcquireRunLeadershipCAS" name="test_takeover_of_expired_seat_bumps_epoch_and_flips_run_status" time="0.041"><properties><property name="elspeth_node_id" value="tests/unit/core/landscape/test_run_coordination_repository.py::TestAcquireRunLeadershipCAS::test_takeover_of_expired_seat_bumps_epoch_and_flips_run_status" /></properties></testcase><testcase classname="tests.unit.core.landscape.test_run_coordination_repository.TestAcquireRunLeadershipCAS" name="test_dead_leader_running_takeover_arm_skips_status_flip" time="0.045"><properties><property name="elspeth_node_id" value="tests/unit/core/landscape/test_run_coordination_repository.py::TestAcquireRunLeadershipCAS::test_dead_leader_running_takeover_arm_skips_status_flip" /></properties></testcase><testcase classname="tests.unit.core.landscape.test_run_coordination_repository.TestAcquireRunLeadershipCAS" name="test_loser_against_live_seat_is_refused_with_zero_mutation" time="0.043"><properties><property name="elspeth_node_id" value="tests/unit/core/landscape/test_run_coordination_repository.py::TestAcquireRunLeadershipCAS::test_loser_against_live_seat_is_refused_with_zero_mutation" /></properties></testcase><testcase classname="tests.unit.core.landscape.test_run_coordination_repository.TestAcquireRunLeadershipCAS" name="test_acquire_on_run_without_seat_row_is_audit_corruption" time="0.033"><properties><property name="elspeth_node_id" value="tests/unit/core/landscape/test_run_coordination_repository.py::TestAcquireRunLeadershipCAS::test_acquire_on_run_without_seat_row_is_audit_corruption" /></properties></testcase><testcase classname="tests.unit.core.landscape.test_run_coordination_repository.TestAcquireRunLeadershipCAS" name="test_immutable_success_backstop_refuses_takeover_with_zero_mutation[completed]" time="0.043"><properties><property name="elspeth_node_id" value="tests/unit/core/landscape/test_run_coordination_repository.py::TestAcquireRunLeadershipCAS::test_immutable_success_backstop_refuses_takeover_with_zero_mutation[completed]" /></properties></testcase><testcase classname="tests.unit.core.landscape.test_run_coordination_repository.TestAcquireRunLeadershipCAS" name="test_immutable_success_backstop_refuses_takeover_with_zero_mutation[completed_with_failures]" time="0.035"><properties><property name="elspeth_node_id" value="tests/unit/core/landscape/test_run_coordination_repository.py::TestAcquireRunLeadershipCAS::test_immutable_success_backstop_refuses_takeover_with_zero_mutation[completed_with_failures]" /></properties></testcase><testcase classname="tests.unit.core.landscape.test_run_coordination_repository.TestAcquireRunLeadershipCAS" name="test_immutable_success_backstop_refuses_takeover_with_zero_mutation[empty]" time="0.036"><properties><property name="elspeth_node_id" value="tests/unit/core/landscape/test_run_coordination_repository.py::TestAcquireRunLeadershipCAS::test_immutable_success_backstop_refuses_takeover_with_zero_mutation[empty]" /></properties></testcase><testcase classname="tests.unit.core.landscape.test_run_coordination_repository.TestIdentityEviction" name="test_deposed_leader_evicted_even_with_fresh_worker_heartbeat" time="0.036"><properties><property name="elspeth_node_id" value="tests/unit/core/landscape/test_run_coordination_repository.py::TestIdentityEviction::test_deposed_leader_evicted_even_with_fresh_worker_heartbeat" /></properties></testcase><testcase classname="tests.unit.core.landscape.test_run_coordination_repository.TestIdentityEviction" name="test_takeover_never_bulk_evicts_followers" time="0.044"><properties><property name="elspeth_node_id" value="tests/unit/core/landscape/test_run_coordination_repository.py::TestIdentityEviction::test_takeover_never_bulk_evicts_followers" /></properties></testcase><testcase classname="tests.unit.core.landscape.test_run_coordination_repository.TestVerifyAndExtendLeaderFence" name="test_fence_hit_extends_seat_as_side_effect" time="0.040"><properties><property name="elspeth_node_id" value="tests/unit/core/landscape/test_run_coordination_repository.py::TestVerifyAndExtendLeaderFence::test_fence_hit_extends_seat_as_side_effect" /></properties></testcase><testcase classname="tests.unit.core.landscape.test_run_coordination_repository.TestVerifyAndExtendLeaderFence" name="test_fence_passes_for_lapsed_but_uncontested_seat" time="0.036"><properties><property name="elspeth_node_id" value="tests/unit/core/landscape/test_run_coordination_repository.py::TestVerifyAndExtendLeaderFence::test_fence_passes_for_lapsed_but_uncontested_seat" /></properties></testcase><testcase classname="tests.unit.core.landscape.test_run_coordination_repository.TestVerifyAndExtendLeaderFence" name="test_fence_miss_on_stale_epoch_raises_leadership_lost" time="0.034"><properties><property name="elspeth_node_id" value="tests/unit/core/landscape/test_run_coordination_repository.py::TestVerifyAndExtendLeaderFence::test_fence_miss_on_stale_epoch_raises_leadership_lost" /></properties></testcase><testcase classname="tests.unit.core.landscape.test_run_coordination_repository.TestVerifyAndExtendLeaderFence" name="test_fence_miss_on_foreign_worker_identity" time="0.033"><properties><property name="elspeth_node_id" value="tests/unit/core/landscape/test_run_coordination_repository.py::TestVerifyAndExtendLeaderFence::test_fence_miss_on_foreign_worker_identity" /></properties></testcase><testcase classname="tests.unit.core.landscape.test_run_coordination_repository.TestFencedLeaderTransaction" name="test_fence_hit_commits_payload" time="0.033"><properties><property name="elspeth_node_id" value="tests/unit/core/landscape/test_run_coordination_repository.py::TestFencedLeaderTransaction::test_fence_hit_commits_payload" /></properties></testcase><testcase classname="tests.unit.core.landscape.test_run_coordination_repository.TestFencedLeaderTransaction" name="test_fence_miss_rolls_back_and_events_refusal_on_fresh_connection" time="0.034"><properties><property name="elspeth_node_id" value="tests/unit/core/landscape/test_run_coordination_repository.py::TestFencedLeaderTransaction::test_fence_miss_rolls_back_and_events_refusal_on_fresh_connection" /></properties></testcase><testcase classname="tests.unit.core.landscape.test_run_coordination_repository.TestFencedLeaderTransaction" name="test_record_fence_refusal_is_best_effort_never_raises" time="0.033"><properties><property name="elspeth_node_id" value="tests/unit/core/landscape/test_run_coordination_repository.py::TestFencedLeaderTransaction::test_record_fence_refusal_is_best_effort_never_raises" /></properties></testcase><testcase classname="tests.unit.core.landscape.test_run_coordination_repository.TestWriteLockHeld" name="test_acquire_raises_write_lock_held_with_structured_worker_forensics" time="0.237"><properties><property name="elspeth_node_id" value="tests/unit/core/landscape/test_run_coordination_repository.py::TestWriteLockHeld::test_acquire_raises_write_lock_held_with_structured_worker_forensics" /></properties></testcase><testcase classname="tests.unit.core.landscape.test_run_coordination_repository.TestReleaseSeatAndLiveLeader" name="test_release_vacates_seat_departs_worker_and_events" time="0.036"><properties><property name="elspeth_node_id" value="tests/unit/core/landscape/test_run_coordination_repository.py::TestReleaseSeatAndLiveLeader::test_release_vacates_seat_departs_worker_and_events" /></properties></testcase><testcase classname="tests.unit.core.landscape.test_run_coordination_repository.TestReleaseSeatAndLiveLeader" name="test_release_is_idempotent" time="0.035"><properties><property name="elspeth_node_id" value="tests/unit/core/landscape/test_run_coordination_repository.py::TestReleaseSeatAndLiveLeader::test_release_is_idempotent" /></properties></testcase><testcase classname="tests.unit.core.landscape.test_run_coordination_repository.TestReleaseSeatAndLiveLeader" name="test_release_with_stale_epoch_is_zero_mutation" time="0.035"><properties><property name="elspeth_node_id" value="tests/unit/core/landscape/test_run_coordination_repository.py::TestReleaseSeatAndLiveLeader::test_release_with_stale_epoch_is_zero_mutation" /></properties></testcase><testcase classname="tests.unit.core.landscape.test_run_coordination_repository.TestReleaseSeatAndLiveLeader" name="test_release_with_foreign_worker_is_zero_mutation" time="0.042"><properties><property name="elspeth_node_id" value="tests/unit/core/landscape/test_run_coordination_repository.py::TestReleaseSeatAndLiveLeader::test_release_with_foreign_worker_is_zero_mutation" /></properties></testcase><testcase classname="tests.unit.core.landscape.test_run_coordination_repository.TestReleaseSeatAndLiveLeader" name="test_release_requires_active_membership_in_token_run" time="0.038"><properties><property name="elspeth_node_id" value="tests/unit/core/landscape/test_run_coordination_repository.py::TestReleaseSeatAndLiveLeader::test_release_requires_active_membership_in_token_run" /></properties></testcase><testcase classname="tests.unit.core.landscape.test_run_coordination_repository.TestReleaseSeatAndLiveLeader" name="test_vacant_seat_is_acquirable_at_next_epoch" time="0.039"><properties><property name="elspeth_node_id" value="tests/unit/core/landscape/test_run_coordination_repository.py::TestReleaseSeatAndLiveLeader::test_vacant_seat_is_acquirable_at_next_epoch" /></properties></testcase><testcase classname="tests.unit.core.landscape.test_run_coordination_repository.TestReleaseSeatAndLiveLeader" name="test_live_leader_views" time="0.041"><properties><property name="elspeth_node_id" value="tests/unit/core/landscape/test_run_coordination_repository.py::TestReleaseSeatAndLiveLeader::test_live_leader_views" /></properties></testcase><testcase classname="tests.unit.core.landscape.test_run_coordination_repository.TestRegistryVerbs" name="test_worker_heartbeat_leader_beats_both_rows" time="0.040"><properties><property name="elspeth_node_id" value="tests/unit/core/landscape/test_run_coordination_repository.py::TestRegistryVerbs::test_worker_heartbeat_leader_beats_both_rows" /></properties></testcase><testcase classname="tests.unit.core.landscape.test_run_coordination_repository.TestRegistryVerbs" name="test_worker_heartbeat_cas_miss_after_eviction" time="0.037"><properties><property name="elspeth_node_id" value="tests/unit/core/landscape/test_run_coordination_repository.py::TestRegistryVerbs::test_worker_heartbeat_cas_miss_after_eviction" /></properties></testcase><testcase classname="tests.unit.core.landscape.test_run_coordination_repository.TestRegistryVerbs" name="test_admit_follower_happy_path_and_refusals" time="0.034"><properties><property name="elspeth_node_id" value="tests/unit/core/landscape/test_run_coordination_repository.py::TestRegistryVerbs::test_admit_follower_happy_path_and_refusals" /></properties></testcase><testcase classname="tests.unit.core.landscape.test_run_coordination_repository.TestRegistryVerbs" name="test_depart_worker_idempotent_cas" time="0.036"><properties><property name="elspeth_node_id" value="tests/unit/core/landscape/test_run_coordination_repository.py::TestRegistryVerbs::test_depart_worker_idempotent_cas" /></properties></testcase><testcase classname="tests.unit.core.landscape.test_run_coordination_repository.TestRegistryVerbs" name="test_evict_worker_grace_predicate_and_fence" time="0.040"><properties><property name="elspeth_node_id" value="tests/unit/core/landscape/test_run_coordination_repository.py::TestRegistryVerbs::test_evict_worker_grace_predicate_and_fence" /></properties></testcase><testcase classname="tests.unit.core.landscape.test_run_coordination_repository.TestRunCoordinationTruthTables" name="test_rc01_registration_rolls_back_seat_membership_and_first_event_when_second_event_fails" time="0.033"><properties><property name="elspeth_node_id" value="tests/unit/core/landscape/test_run_coordination_repository.py::TestRunCoordinationTruthTables::test_rc01_registration_rolls_back_seat_membership_and_first_event_when_second_event_fails" /></properties></testcase><testcase classname="tests.unit.core.landscape.test_run_coordination_repository.TestRunCoordinationTruthTables" name="test_rc02_takeover_expiry_equality_is_a_zero_mutation_cas_loss" time="0.037"><properties><property name="elspeth_node_id" value="tests/unit/core/landscape/test_run_coordination_repository.py::TestRunCoordinationTruthTables::test_rc02_takeover_expiry_equality_is_a_zero_mutation_cas_loss" /></properties></testcase><testcase classname="tests.unit.core.landscape.test_run_coordination_repository.TestRunCoordinationTruthTables" name="test_rc02_takeover_exactly_rotates_seat_evicts_incumbent_and_records_winner" time="0.036"><properties><property name="elspeth_node_id" value="tests/unit/core/landscape/test_run_coordination_repository.py::TestRunCoordinationTruthTables::test_rc02_takeover_exactly_rotates_seat_evicts_incumbent_and_records_winner" /></properties></testcase><testcase classname="tests.unit.core.landscape.test_run_coordination_repository.TestRunCoordinationTruthTables" name="test_rc03_follower_heartbeat_changes_only_its_membership_window" time="0.041"><properties><property name="elspeth_node_id" value="tests/unit/core/landscape/test_run_coordination_repository.py::TestRunCoordinationTruthTables::test_rc03_follower_heartbeat_changes_only_its_membership_window" /></properties></testcase><testcase classname="tests.unit.core.landscape.test_run_coordination_repository.TestRunCoordinationTruthTables" name="test_rc03_and_rc06_departed_member_cannot_regain_authority_by_heartbeat" time="0.039"><properties><property name="elspeth_node_id" value="tests/unit/core/landscape/test_run_coordination_repository.py::TestRunCoordinationTruthTables::test_rc03_and_rc06_departed_member_cannot_regain_authority_by_heartbeat" /></properties></testcase><testcase classname="tests.unit.core.landscape.test_run_coordination_repository.TestRunCoordinationTruthTables" name="test_rc04_exact_release_changes_only_current_seat_member_and_one_event" time="0.036"><properties><property name="elspeth_node_id" value="tests/unit/core/landscape/test_run_coordination_repository.py::TestRunCoordinationTruthTables::test_rc04_exact_release_changes_only_current_seat_member_and_one_event" /></properties></testcase><testcase classname="tests.unit.core.landscape.test_run_coordination_repository.TestRunCoordinationTruthTables" name="test_rc05_follower_admission_is_exact_and_refusal_is_zero_mutation" time="0.041"><properties><property name="elspeth_node_id" value="tests/unit/core/landscape/test_run_coordination_repository.py::TestRunCoordinationTruthTables::test_rc05_follower_admission_is_exact_and_refusal_is_zero_mutation" /></properties></testcase><testcase classname="tests.unit.core.landscape.test_run_coordination_repository.TestRunCoordinationTruthTables" name="test_rc07_evicts_only_strictly_expired_same_run_non_leader_and_records_exact_event" time="0.040"><properties><property name="elspeth_node_id" value="tests/unit/core/landscape/test_run_coordination_repository.py::TestRunCoordinationTruthTables::test_rc07_evicts_only_strictly_expired_same_run_non_leader_and_records_exact_event" /></properties></testcase><testcase classname="tests.unit.core.landscape.test_run_coordination_repository.TestPragmaProbe" name="test_constructor_refuses_unprobed_engine" time="0.291"><properties><property name="elspeth_node_id" value="tests/unit/core/landscape/test_run_coordination_repository.py::TestPragmaProbe::test_constructor_refuses_unprobed_engine" /></properties></testcase><testcase classname="tests.unit.core.landscape.test_run_coordination_repository.TestPragmaProbe" name="test_postgresql_engine_does_not_run_sqlite_pragma_probe" time="0.000"><properties><property name="elspeth_node_id" value="tests/unit/core/landscape/test_run_coordination_repository.py::TestPragmaProbe::test_postgresql_engine_does_not_run_sqlite_pragma_probe" /></properties></testcase><testcase classname="tests.unit.core.landscape.test_run_coordination_repository.TestEventLedgerDiscipline" name="test_same_transaction_eventing_rolls_back_with_state_change" time="0.034"><properties><property name="elspeth_node_id" value="tests/unit/core/landscape/test_run_coordination_repository.py::TestEventLedgerDiscipline::test_same_transaction_eventing_rolls_back_with_state_change" /></properties></testcase><testcase classname="tests.unit.core.landscape.test_run_coordination_repository.TestEventLedgerDiscipline" name="test_event_id_dedup_is_enforced_by_unique_index" time="0.034"><properties><property name="elspeth_node_id" value="tests/unit/core/landscape/test_run_coordination_repository.py::TestEventLedgerDiscipline::test_event_id_dedup_is_enforced_by_unique_index" /></properties></testcase><testcase classname="tests.unit.core.landscape.test_state_engine_read_model_truth_tables" name="test_scheduler_read_model_truth_table[RM-01-unresolved-producer-work]" time="0.054"><properties><property name="elspeth_node_id" value="tests/unit/core/landscape/test_state_engine_read_model_truth_tables.py::test_scheduler_read_model_truth_table[RM-01-unresolved-producer-work]" /></properties></testcase><testcase classname="tests.unit.core.landscape.test_state_engine_read_model_truth_tables" name="test_scheduler_read_model_truth_table[RM-02-unquiesced-barrier-producers]" time="0.056"><properties><property name="elspeth_node_id" value="tests/unit/core/landscape/test_state_engine_read_model_truth_tables.py::test_scheduler_read_model_truth_table[RM-02-unquiesced-barrier-producers]" /></properties></testcase><testcase classname="tests.unit.core.landscape.test_state_engine_read_model_truth_tables" name="test_scheduler_read_model_truth_table[RM-03-active-run-backstop]" time="0.262"><properties><property name="elspeth_node_id" value="tests/unit/core/landscape/test_state_engine_read_model_truth_tables.py::test_scheduler_read_model_truth_table[RM-03-active-run-backstop]" /></properties></testcase><testcase classname="tests.unit.core.landscape.test_state_engine_read_model_truth_tables" name="test_scheduler_read_model_truth_table[RM-04-peer-owned-work]" time="0.053"><properties><property name="elspeth_node_id" value="tests/unit/core/landscape/test_state_engine_read_model_truth_tables.py::test_scheduler_read_model_truth_table[RM-04-peer-owned-work]" /></properties></testcase><testcase classname="tests.unit.core.landscape.test_state_engine_read_model_truth_tables" name="test_scheduler_read_model_truth_table[RM-06-active-peer-lease-strict-expiry-and-dedup]" time="0.050"><properties><property name="elspeth_node_id" value="tests/unit/core/landscape/test_state_engine_read_model_truth_tables.py::test_scheduler_read_model_truth_table[RM-06-active-peer-lease-strict-expiry-and-dedup]" /></properties></testcase><testcase classname="tests.unit.core.landscape.test_state_engine_read_model_truth_tables" name="test_scheduler_read_model_truth_table[RM-09-active-source-row-identities]" time="0.050"><properties><property name="elspeth_node_id" value="tests/unit/core/landscape/test_state_engine_read_model_truth_tables.py::test_scheduler_read_model_truth_table[RM-09-active-source-row-identities]" /></properties></testcase><testcase classname="tests.unit.core.landscape.test_state_engine_read_model_truth_tables" name="test_scheduler_read_model_truth_table[RM-10-barrier-token-identities]" time="0.050"><properties><property name="elspeth_node_id" value="tests/unit/core/landscape/test_state_engine_read_model_truth_tables.py::test_scheduler_read_model_truth_table[RM-10-barrier-token-identities]" /></properties></testcase><testcase classname="tests.unit.core.landscape.test_state_engine_read_model_truth_tables" name="test_scheduler_read_model_truth_table[RM-11-barrier-work-count]" time="0.049"><properties><property name="elspeth_node_id" value="tests/unit/core/landscape/test_state_engine_read_model_truth_tables.py::test_scheduler_read_model_truth_table[RM-11-barrier-work-count]" /></properties></testcase><testcase classname="tests.unit.core.landscape.test_state_engine_read_model_truth_tables" name="test_scheduler_barrier_list_truth_table[RM-12-barrier-work-list-order]" time="0.061"><properties><property name="elspeth_node_id" value="tests/unit/core/landscape/test_state_engine_read_model_truth_tables.py::test_scheduler_barrier_list_truth_table[RM-12-barrier-work-list-order]" /></properties></testcase><testcase classname="tests.unit.core.landscape.test_state_engine_read_model_truth_tables" name="test_scheduler_barrier_list_truth_table[RM-13-pending-barrier-adoption-list]" time="0.051"><properties><property name="elspeth_node_id" value="tests/unit/core/landscape/test_state_engine_read_model_truth_tables.py::test_scheduler_barrier_list_truth_table[RM-13-pending-barrier-adoption-list]" /></properties></testcase><testcase classname="tests.unit.core.landscape.test_state_engine_read_model_truth_tables" name="test_rm05_relinquishment_discriminator[RM-05-peer-continuation-may-be-relinquished]" time="0.001"><properties><property name="elspeth_node_id" value="tests/unit/core/landscape/test_state_engine_read_model_truth_tables.py::test_rm05_relinquishment_discriminator[RM-05-peer-continuation-may-be-relinquished]" /></properties></testcase><testcase classname="tests.unit.core.landscape.test_state_engine_read_model_truth_tables" name="test_rm05_relinquishment_discriminator[RM-05-ready-remains-local]" time="0.001"><properties><property name="elspeth_node_id" value="tests/unit/core/landscape/test_state_engine_read_model_truth_tables.py::test_rm05_relinquishment_discriminator[RM-05-ready-remains-local]" /></properties></testcase><testcase classname="tests.unit.core.landscape.test_state_engine_read_model_truth_tables" name="test_rm05_relinquishment_discriminator[RM-05-failed-remains-loud]" time="0.000"><properties><property name="elspeth_node_id" value="tests/unit/core/landscape/test_state_engine_read_model_truth_tables.py::test_rm05_relinquishment_discriminator[RM-05-failed-remains-loud]" /></properties></testcase><testcase classname="tests.unit.core.landscape.test_state_engine_read_model_truth_tables" name="test_rm05_relinquishment_discriminator[RM-05-no-peer-authority]" time="0.001"><properties><property name="elspeth_node_id" value="tests/unit/core/landscape/test_state_engine_read_model_truth_tables.py::test_rm05_relinquishment_discriminator[RM-05-no-peer-authority]" /></properties></testcase><testcase classname="tests.unit.core.landscape.test_state_engine_read_model_truth_tables" name="test_rm05_repository_inputs_are_run_scoped_and_status_exact" time="0.053"><properties><property name="elspeth_node_id" value="tests/unit/core/landscape/test_state_engine_read_model_truth_tables.py::test_rm05_repository_inputs_are_run_scoped_and_status_exact" /></properties></testcase><testcase classname="tests.unit.core.landscape.test_state_engine_read_model_truth_tables" name="test_rm05_peer_authority_is_scoped_to_the_pending_continuations" time="0.050"><properties><property name="elspeth_node_id" value="tests/unit/core/landscape/test_state_engine_read_model_truth_tables.py::test_rm05_peer_authority_is_scoped_to_the_pending_continuations" /></properties></testcase><testcase classname="tests.unit.core.landscape.test_state_engine_read_model_truth_tables" name="test_rm07_occupied_leader_seat_truth_table" time="0.051"><properties><property name="elspeth_node_id" value="tests/unit/core/landscape/test_state_engine_read_model_truth_tables.py::test_rm07_occupied_leader_seat_truth_table" /></properties></testcase><testcase classname="tests.unit.core.landscape.test_state_engine_read_model_truth_tables" name="test_rm08_dead_non_leader_worker_truth_table_and_ordering" time="0.049"><properties><property name="elspeth_node_id" value="tests/unit/core/landscape/test_state_engine_read_model_truth_tables.py::test_rm08_dead_non_leader_worker_truth_table_and_ordering" /></properties></testcase><testcase classname="tests.unit.core.landscape.test_state_engine_read_model_truth_tables" name="test_rm08_equal_registration_times_order_by_worker_identity" time="0.058"><properties><property name="elspeth_node_id" value="tests/unit/core/landscape/test_state_engine_read_model_truth_tables.py::test_rm08_equal_registration_times_order_by_worker_identity" /></properties></testcase><testcase classname="tests.unit.core.landscape.test_state_engine_read_model_truth_tables" name="test_read_models_do_not_bleed_foreign_runs" time="0.051"><properties><property name="elspeth_node_id" value="tests/unit/core/landscape/test_state_engine_read_model_truth_tables.py::test_read_models_do_not_bleed_foreign_runs" /></properties></testcase><testcase classname="tests.unit.core.landscape.test_state_engine_read_model_truth_tables" name="test_rm14_resume_workset_refuses_abandoned_token_fates[abandoned-only-without-checkpoint]" time="0.052"><properties><property name="elspeth_node_id" value="tests/unit/core/landscape/test_state_engine_read_model_truth_tables.py::test_rm14_resume_workset_refuses_abandoned_token_fates[abandoned-only-without-checkpoint]" /></properties></testcase><testcase classname="tests.unit.core.landscape.test_state_engine_read_model_truth_tables" name="test_rm14_resume_workset_refuses_abandoned_token_fates[abandoned-only-with-checkpoint]" time="0.052"><properties><property name="elspeth_node_id" value="tests/unit/core/landscape/test_state_engine_read_model_truth_tables.py::test_rm14_resume_workset_refuses_abandoned_token_fates[abandoned-only-with-checkpoint]" /></properties></testcase><testcase classname="tests.unit.core.landscape.test_state_engine_read_model_truth_tables" name="test_rm14_resume_workset_refuses_abandoned_token_fates[decided-plus-abandoned-without-checkpoint]" time="0.055"><properties><property name="elspeth_node_id" value="tests/unit/core/landscape/test_state_engine_read_model_truth_tables.py::test_rm14_resume_workset_refuses_abandoned_token_fates[decided-plus-abandoned-without-checkpoint]" /></properties></testcase><testcase classname="tests.unit.core.landscape.test_state_engine_read_model_truth_tables" name="test_rm14_resume_workset_refuses_abandoned_token_fates[decided-plus-abandoned-with-checkpoint]" time="0.060"><properties><property name="elspeth_node_id" value="tests/unit/core/landscape/test_state_engine_read_model_truth_tables.py::test_rm14_resume_workset_refuses_abandoned_token_fates[decided-plus-abandoned-with-checkpoint]" /></properties></testcase><testcase classname="tests.unit.core.landscape.test_state_engine_read_model_truth_tables" name="test_rm14_accounting_census_distinguishes_all_token_fates" time="0.040"><properties><property name="elspeth_node_id" value="tests/unit/core/landscape/test_state_engine_read_model_truth_tables.py::test_rm14_accounting_census_distinguishes_all_token_fates" /></properties></testcase><testcase classname="tests.unit.core.landscape.test_state_engine_forbidden_paths" name="test_f04_wrong_owner_cannot_disposition_a_lease[F-04-mark-blocked]" time="0.051"><properties><property name="elspeth_node_id" value="tests/unit/core/landscape/test_state_engine_forbidden_paths.py::test_f04_wrong_owner_cannot_disposition_a_lease[F-04-mark-blocked]" /></properties></testcase><testcase classname="tests.unit.core.landscape.test_state_engine_forbidden_paths" name="test_f04_wrong_owner_cannot_disposition_a_lease[F-04-mark-terminal]" time="0.059"><properties><property name="elspeth_node_id" value="tests/unit/core/landscape/test_state_engine_forbidden_paths.py::test_f04_wrong_owner_cannot_disposition_a_lease[F-04-mark-terminal]" /></properties></testcase><testcase classname="tests.unit.core.landscape.test_state_engine_forbidden_paths" name="test_f04_wrong_owner_cannot_disposition_a_lease[F-04-mark-failed]" time="0.055"><properties><property name="elspeth_node_id" value="tests/unit/core/landscape/test_state_engine_forbidden_paths.py::test_f04_wrong_owner_cannot_disposition_a_lease[F-04-mark-failed]" /></properties></testcase><testcase classname="tests.unit.core.landscape.test_state_engine_forbidden_paths" name="test_f04_wrong_owner_cannot_disposition_a_lease[F-04-mark-pending-sink]" time="0.051"><properties><property name="elspeth_node_id" value="tests/unit/core/landscape/test_state_engine_forbidden_paths.py::test_f04_wrong_owner_cannot_disposition_a_lease[F-04-mark-pending-sink]" /></properties></testcase><testcase classname="tests.unit.core.landscape.test_state_engine_forbidden_paths" name="test_f04_wrong_owner_cannot_disposition_a_lease[F-04-mark-terminal-with-ready-children]" time="0.065"><properties><property name="elspeth_node_id" value="tests/unit/core/landscape/test_state_engine_forbidden_paths.py::test_f04_wrong_owner_cannot_disposition_a_lease[F-04-mark-terminal-with-ready-children]" /></properties></testcase><testcase classname="tests.unit.core.landscape.test_state_engine_forbidden_paths" name="test_f04_wrong_owner_cannot_disposition_a_lease[F-04-mark-failed-with-ready-children]" time="0.053"><properties><property name="elspeth_node_id" value="tests/unit/core/landscape/test_state_engine_forbidden_paths.py::test_f04_wrong_owner_cannot_disposition_a_lease[F-04-mark-failed-with-ready-children]" /></properties></testcase><testcase classname="tests.unit.core.landscape.test_state_engine_forbidden_paths" name="test_f04_wrong_owner_cannot_disposition_a_lease[F-04-mark-pending-sink-with-ready-children]" time="0.
[...]
e_row_source_failure_records_operation_without_row_token_or_scheduler_work[first-next]" time="0.074"><properties><property name="elspeth_node_id" value="tests/e2e/recovery/test_source_ingress_contract.py::test_pre_row_source_failure_records_operation_without_row_token_or_scheduler_work[first-next]" /></properties></testcase><testcase classname="tests.e2e.recovery.test_source_ingress_contract" name="test_quarantined_source_row_records_diversion_and_never_enters_scheduler" time="0.140"><properties><property name="elspeth_node_id" value="tests/e2e/recovery/test_source_ingress_contract.py::test_quarantined_source_row_records_diversion_and_never_enters_scheduler" /></properties></testcase><testcase classname="tests.e2e.recovery.test_concurrent_resume.TestMidClaimCrashResume" name="test_ts02_source_completion_gap_reconciles_once_before_plugin_execution" time="5.775"><properties><property name="elspeth_node_id" value="tests/e2e/recovery/test_concurrent_resume.py::TestMidClaimCrashResume::test_ts02_source_completion_gap_reconciles_once_before_plugin_execution" /></properties></testcase><testcase classname="tests.e2e.recovery.test_concurrent_resume.TestMidClaimCrashResume" name="test_mid_claim_crash_resume_recovers_leased_item_exactly_once" time="2.753"><properties><property name="elspeth_node_id" value="tests/e2e/recovery/test_concurrent_resume.py::TestMidClaimCrashResume::test_mid_claim_crash_resume_recovers_leased_item_exactly_once" /></properties></testcase><testcase classname="tests.e2e.recovery.test_concurrent_resume.TestExpiredLeaseReclaimUnderContention" name="test_contended_reclaim_partial_then_full_after_all_leases_expire" time="4.944"><properties><property name="elspeth_node_id" value="tests/e2e/recovery/test_concurrent_resume.py::TestExpiredLeaseReclaimUnderContention::test_contended_reclaim_partial_then_full_after_all_leases_expire" /></properties></testcase><testcase classname="tests.e2e.recovery.test_concurrent_resume.TestTwoResumesSameRunId" name="test_two_resumes_loser_during_refused_at_seat_cas" time="0.194"><properties><property name="elspeth_node_id" value="tests/e2e/recovery/test_concurrent_resume.py::TestTwoResumesSameRunId::test_two_resumes_loser_during_refused_at_seat_cas" /></properties></testcase><testcase classname="tests.e2e.recovery.test_concurrent_resume.TestTwoResumesSameRunId" name="test_cas_loser_skips_unprocessed_payload_restore" time="2.532"><properties><property name="elspeth_node_id" value="tests/e2e/recovery/test_concurrent_resume.py::TestTwoResumesSameRunId::test_cas_loser_skips_unprocessed_payload_restore" /></properties></testcase><testcase classname="tests.e2e.recovery.test_concurrent_resume.TestTwoResumesSameRunId" name="test_cas_winner_recomputes_workset_after_leadership" time="2.271"><properties><property name="elspeth_node_id" value="tests/e2e/recovery/test_concurrent_resume.py::TestTwoResumesSameRunId::test_cas_winner_recomputes_workset_after_leadership" /></properties></testcase><testcase classname="tests.e2e.recovery.test_concurrent_resume.TestTwoResumesSameRunId" name="test_two_resumes_loser_after_winner_refused_at_entry_guard" time="2.832"><properties><property name="elspeth_node_id" value="tests/e2e/recovery/test_concurrent_resume.py::TestTwoResumesSameRunId::test_two_resumes_loser_after_winner_refused_at_entry_guard" /></properties></testcase><testcase classname="tests.e2e.recovery.test_concurrent_resume.TestTwoResumesSameRunId" name="test_entry_guard_refuses_resume_while_run_status_running" time="0.179"><properties><property name="elspeth_node_id" value="tests/e2e/recovery/test_concurrent_resume.py::TestTwoResumesSameRunId::test_entry_guard_refuses_resume_while_run_status_running" /></properties></testcase><testcase classname="tests.e2e.recovery.test_concurrent_resume.TestTwoResumesSameRunId" name="test_running_with_dead_seat_is_resumable_takeover_completes_once" time="2.628"><properties><property name="elspeth_node_id" value="tests/e2e/recovery/test_concurrent_resume.py::TestTwoResumesSameRunId::test_running_with_dead_seat_is_resumable_takeover_completes_once" /></properties></testcase><testcase classname="tests.e2e.recovery.test_concurrent_resume.TestTwoResumesSameRunId" name="test_join_attaches_follower_to_running_run" time="0.189"><properties><property name="elspeth_node_id" value="tests/e2e/recovery/test_concurrent_resume.py::TestTwoResumesSameRunId::test_join_attaches_follower_to_running_run" /></properties></testcase><testcase classname="tests.e2e.recovery.test_registered_process_authority" name="test_registered_process_ready_claim_has_one_owner_and_zero_mutation_loser" time="2.834"><properties><property name="elspeth_node_id" value="tests/e2e/recovery/test_registered_process_authority.py::test_registered_process_ready_claim_has_one_owner_and_zero_mutation_loser" /></properties></testcase><testcase classname="tests.e2e.recovery.test_registered_process_authority" name="test_registered_process_pending_sink_claim_preserves_bundle_and_has_clean_loser" time="3.474"><properties><property name="elspeth_node_id" value="tests/e2e/recovery/test_registered_process_authority.py::test_registered_process_pending_sink_claim_preserves_bundle_and_has_clean_loser" /></properties></testcase><testcase classname="tests.e2e.recovery.test_registered_process_authority" name="test_child_process_initial_run_registration_is_one_atomic_epoch_one_image" time="2.980"><properties><property name="elspeth_node_id" value="tests/e2e/recovery/test_registered_process_authority.py::test_child_process_initial_run_registration_is_one_atomic_epoch_one_image" /></properties></testcase><testcase classname="tests.e2e.recovery.test_registered_process_authority" name="test_child_process_worker_and_lease_heartbeats_have_exact_owned_deltas" time="5.622"><properties><property name="elspeth_node_id" value="tests/e2e/recovery/test_registered_process_authority.py::test_child_process_worker_and_lease_heartbeats_have_exact_owned_deltas" /></properties></testcase><testcase classname="tests.e2e.recovery.test_registered_process_authority" name="test_inactive_registered_process_is_refused_for_claim_and_disposition_without_mutation" time="6.853"><properties><property name="elspeth_node_id" value="tests/e2e/recovery/test_registered_process_authority.py::test_inactive_registered_process_is_refused_for_claim_and_disposition_without_mutation" /></properties></testcase><testcase classname="tests.e2e.recovery.test_registered_process_authority" name="test_stale_and_foreign_recovery_authority_changes_only_refusal_evidence" time="3.139"><properties><property name="elspeth_node_id" value="tests/e2e/recovery/test_registered_process_authority.py::test_stale_and_foreign_recovery_authority_changes_only_refusal_evidence" /></properties></testcase><testcase classname="tests.e2e.recovery.test_registered_process_authority" name="test_registered_leader_process_recovers_transform_and_sink_redrive_exactly" time="7.476"><properties><property name="elspeth_node_id" value="tests/e2e/recovery/test_registered_process_authority.py::test_registered_leader_process_recovers_transform_and_sink_redrive_exactly" /></properties></testcase><testcase classname="tests.e2e.recovery.test_registered_process_authority" name="test_registered_process_coordination_release_takeover_join_depart_and_evict" time="11.572"><properties><property name="elspeth_node_id" value="tests/e2e/recovery/test_registered_process_authority.py::test_registered_process_coordination_release_takeover_join_depart_and_evict" /></properties></testcase><testcase classname="tests.e2e.recovery.test_suspended_winner_fences.TestSuspendedWinnerFences" name="test_stale_complete_run_refused" time="0.179"><properties><property name="elspeth_node_id" value="tests/e2e/recovery/test_suspended_winner_fences.py::TestSuspendedWinnerFences::test_stale_complete_run_refused" /></properties></testcase><testcase classname="tests.e2e.recovery.test_suspended_winner_fences.TestSuspendedWinnerFences" name="test_stale_update_run_status_refused" time="0.159"><properties><property name="elspeth_node_id" value="tests/e2e/recovery/test_suspended_winner_fences.py::TestSuspendedWinnerFences::test_stale_update_run_status_refused" /></properties></testcase><testcase classname="tests.e2e.recovery.test_suspended_winner_fences.TestSuspendedWinnerFences" name="test_stale_checkpoint_write_refused" time="0.174"><properties><property name="elspeth_node_id" value="tests/e2e/recovery/test_suspended_winner_fences.py::TestSuspendedWinnerFences::test_stale_checkpoint_write_refused" /></properties></testcase><testcase classname="tests.e2e.recovery.test_suspended_winner_fences.TestSuspendedWinnerFences" name="test_stale_complete_barrier_refused_before_any_journal_mutation" time="0.652"><properties><property name="elspeth_node_id" value="tests/e2e/recovery/test_suspended_winner_fences.py::TestSuspendedWinnerFences::test_stale_complete_barrier_refused_before_any_journal_mutation" /></properties></testcase><testcase classname="tests.e2e.recovery.test_suspended_winner_fences.TestSuspendedWinnerFences" name="test_stale_adopt_blocked_barrier_item_refused_zero_rows_in_all_three_tables" time="0.181"><properties><property name="elspeth_node_id" value="tests/e2e/recovery/test_suspended_winner_fences.py::TestSuspendedWinnerFences::test_stale_adopt_blocked_barrier_item_refused_zero_rows_in_all_three_tables" /></properties></testcase><testcase classname="tests.e2e.recovery.test_suspended_winner_fences.TestSuspendedWinnerFences" name="test_stale_adopt_coalesce_branch_losses_refused" time="0.175"><properties><property name="elspeth_node_id" value="tests/e2e/recovery/test_suspended_winner_fences.py::TestSuspendedWinnerFences::test_stale_adopt_coalesce_branch_losses_refused" /></properties></testcase><testcase classname="tests.e2e.recovery.test_suspended_winner_fences.TestSuspendedWinnerFences" name="test_stale_ingest_rolls_back_atomically_no_orphan_rows_row" time="0.176"><properties><property name="elspeth_node_id" value="tests/e2e/recovery/test_suspended_winner_fences.py::TestSuspendedWinnerFences::test_stale_ingest_rolls_back_atomically_no_orphan_rows_row" /></properties></testcase><testcase classname="tests.e2e.recovery.test_suspended_winner_fences.TestSuspendedWinnerFences" name="test_stale_recover_expired_leases_refused" time="0.251"><properties><property name="elspeth_node_id" value="tests/e2e/recovery/test_suspended_winner_fences.py::TestSuspendedWinnerFences::test_stale_recover_expired_leases_refused" /></properties></testcase><testcase classname="tests.e2e.recovery.test_suspended_winner_fences.TestSuspendedWinnerFences" name="test_stale_mark_pending_sink_terminal_many_refused" time="0.418"><properties><property name="elspeth_node_id" value="tests/e2e/recovery/test_suspended_winner_fences.py::TestSuspendedWinnerFences::test_stale_mark_pending_sink_terminal_many_refused" /></properties></testcase><testcase classname="tests.e2e.recovery.test_suspended_winner_fences.TestSuspendedWinnerFences" name="test_stale_repair_sweep_refused" time="0.375"><properties><property name="elspeth_node_id" value="tests/e2e/recovery/test_suspended_winner_fences.py::TestSuspendedWinnerFences::test_stale_repair_sweep_refused" /></properties></testcase><testcase classname="tests.e2e.recovery.test_suspended_winner_fences.TestSuspendedWinnerFences" name="test_takeover_identity_evicts_deposed_leader_even_with_fresh_worker_heartbeat" time="0.311"><properties><property name="elspeth_node_id" value="tests/e2e/recovery/test_suspended_winner_fences.py::TestSuspendedWinnerFences::test_takeover_identity_evicts_deposed_leader_even_with_fresh_worker_heartbeat" /></properties></testcase><testcase classname="tests.e2e.recovery.test_suspended_winner_fences.TestSuspendedWinnerFences" name="test_evicted_worker_claim_ready_raises_membership_fence" time="0.236"><properties><property name="elspeth_node_id" value="tests/e2e/recovery/test_suspended_winner_fences.py::TestSuspendedWinnerFences::test_evicted_worker_claim_ready_raises_membership_fence" /></properties></testcase><testcase classname="tests.e2e.recovery.test_suspended_winner_fences.TestSuspendedWinnerFences" name="test_evicted_worker_claim_pending_sink_raises_membership_fence" time="0.640"><properties><property name="elspeth_node_id" value="tests/e2e/recovery/test_suspended_winner_fences.py::TestSuspendedWinnerFences::test_evicted_worker_claim_pending_sink_raises_membership_fence" /></properties></testcase><testcase classname="tests.e2e.recovery.test_suspended_winner_fences.TestSuspendedWinnerFences" name="test_evicted_worker_enqueue_ready_raises_membership_fence" time="0.351"><properties><property name="elspeth_node_id" value="tests/e2e/recovery/test_suspended_winner_fences.py::TestSuspendedWinnerFences::test_evicted_worker_enqueue_ready_raises_membership_fence" /></properties></testcase><testcase classname="tests.e2e.recovery.test_barrier_process_death_matrix" name="test_single_process_leader_barrier_process_death_matrix[aggregation]" time="7.294"><properties><property name="elspeth_node_id" value="tests/e2e/recovery/test_barrier_process_death_matrix.py::test_single_process_leader_barrier_process_death_matrix[aggregation]" /></properties></testcase><testcase classname="tests.e2e.recovery.test_barrier_process_death_matrix" name="test_single_process_leader_barrier_process_death_matrix[coalesce]" time="4.561"><properties><property name="elspeth_node_id" value="tests/e2e/recovery/test_barrier_process_death_matrix.py::test_single_process_leader_barrier_process_death_matrix[coalesce]" /></properties></testcase><testcase classname="tests.e2e.recovery.test_barrier_process_death_matrix" name="test_single_process_leader_barrier_process_death_matrix[row_union]" time="4.502"><properties><property name="elspeth_node_id" value="tests/e2e/recovery/test_barrier_process_death_matrix.py::test_single_process_leader_barrier_process_death_matrix[row_union]" /></properties></testcase><testcase classname="tests.e2e.recovery.test_sink_effect_process_death_matrix" name="test_process_death_reopens_same_sink_effect_and_publishes_once[before_reservation]" time="6.410"><properties><property name="elspeth_node_id" value="tests/e2e/recovery/test_sink_effect_process_death_matrix.py::test_process_death_reopens_same_sink_effect_and_publishes_once[before_reservation]" /></properties></testcase><testcase classname="tests.e2e.recovery.test_sink_effect_process_death_matrix" name="test_process_death_reopens_same_sink_effect_and_publishes_once[after_reservation]" time="7.698"><properties><property name="elspeth_node_id" value="tests/e2e/recovery/test_sink_effect_process_death_matrix.py::test_process_death_reopens_same_sink_effect_and_publishes_once[after_reservation]" /></properties></testcase><testcase classname="tests.e2e.recovery.test_sink_effect_process_death_matrix" name="test_process_death_reopens_same_sink_effect_and_publishes_once[after_preparation_claim]" time="6.327"><properties><property name="elspeth_node_id" value="tests/e2e/recovery/test_sink_effect_process_death_matrix.py::test_process_death_reopens_same_sink_effect_and_publishes_once[after_preparation_claim]" /></properties></testcase><testcase classname="tests.e2e.recovery.test_sink_effect_process_death_matrix" name="test_process_death_reopens_same_sink_effect_and_publishes_once[after_inspection]" time="6.329"><properties><property name="elspeth_node_id" value="tests/e2e/recovery/test_sink_effect_process_death_matrix.py::test_process_death_reopens_same_sink_effect_and_publishes_once[after_inspection]" /></properties></testcase><testcase classname="tests.e2e.recovery.test_sink_effect_process_death_matrix" name="test_process_death_reopens_same_sink_effect_and_publishes_once[after_plan_cas]" time="6.258"><properties><property name="elspeth_node_id" value="tests/e2e/recovery/test_sink_effect_process_death_matrix.py::test_process_death_reopens_same_sink_effect_and_publishes_once[after_plan_cas]" /></properties></testcase><testcase classname="tests.e2e.recovery.test_sink_effect_process_death_matrix" name="test_process_death_reopens_same_sink_effect_and_publishes_once[before_effect]" time="6.088"><properties><property name="elspeth_node_id" value="tests/e2e/recovery/test_sink_effect_process_death_matrix.py::test_process_death_reopens_same_sink_effect_and_publishes_once[before_effect]" /></properties></testcase><testcase classname="tests.e2e.recovery.test_sink_effect_process_death_matrix" name="test_process_death_reopens_same_sink_effect_and_publishes_once[after_visible_publication]" time="6.145"><properties><property name="elspeth_node_id" value="tests/e2e/recovery/test_sink_effect_process_death_matrix.py::test_process_death_reopens_same_sink_effect_and_publishes_once[after_visible_publication]" /></properties></testcase><testcase classname="tests.e2e.recovery.test_sink_effect_process_death_matrix" name="test_process_death_reopens_same_sink_effect_and_publishes_once[after_effect_before_return]" time="6.113"><properties><property name="elspeth_node_id" value="tests/e2e/recovery/test_sink_effect_process_death_matrix.py::test_process_death_reopens_same_sink_effect_and_publishes_once[after_effect_before_return]" /></properties></testcase><testcase classname="tests.e2e.recovery.test_sink_effect_process_death_matrix" name="test_process_death_reopens_same_sink_effect_and_publishes_once[after_return_before_finalize]" time="6.183"><properties><property name="elspeth_node_id" value="tests/e2e/recovery/test_sink_effect_process_death_matrix.py::test_process_death_reopens_same_sink_effect_and_publishes_once[after_return_before_finalize]" /></properties></testcase><testcase classname="tests.e2e.recovery.test_sink_effect_process_death_matrix" name="test_process_death_reopens_same_sink_effect_and_publishes_once[after_finalize_before_response]" time="6.240"><properties><property name="elspeth_node_id" value="tests/e2e/recovery/test_sink_effect_process_death_matrix.py::test_process_death_reopens_same_sink_effect_and_publishes_once[after_finalize_before_response]" /></properties></testcase><testcase classname="tests.e2e.recovery.test_sink_effect_process_death_matrix" name="test_process_death_reopens_same_sink_effect_and_publishes_once[scheduler_callback]" time="7.625"><properties><property name="elspeth_node_id" value="tests/e2e/recovery/test_sink_effect_process_death_matrix.py::test_process_death_reopens_same_sink_effect_and_publishes_once[scheduler_callback]" /></properties></testcase><testcase classname="tests.e2e.recovery.test_sink_effect_process_death_matrix" name="test_single_process_profile_covers_complete_sink_effect_process_death_matrix" time="73.348"><properties><property name="elspeth_node_id" value="tests/e2e/recovery/test_sink_effect_process_death_matrix.py::test_single_process_profile_covers_complete_sink_effect_process_death_matrix" /></properties></testcase><testcase classname="tests.e2e.recovery.test_run_lifecycle_process_matrix" name="test_non_resumable_finalization_survives_abrupt_post_commit_process_death" time="0.969"><properties><property name="elspeth_node_id" value="tests/e2e/recovery/test_run_lifecycle_process_matrix.py::test_non_resumable_finalization_survives_abrupt_post_commit_process_death" /></properties></testcase><testcase classname="tests.e2e.recovery.test_run_lifecycle_process_matrix" name="test_resumable_finalization_preserves_open_effect_after_process_death" time="0.979"><properties><property name="elspeth_node_id" value="tests/e2e/recovery/test_run_lifecycle_process_matrix.py::test_resumable_finalization_preserves_open_effect_after_process_death" /></properties></testcase><testcase classname="tests.e2e.recovery.test_run_lifecycle_process_matrix" name="test_public_resume_refuses_non_resumable_failed_effect_without_reopening_or_mutation" time="2.869"><properties><property name="elspeth_node_id" value="tests/e2e/recovery/test_run_lifecycle_process_matrix.py::test_public_resume_refuses_non_resumable_failed_effect_without_reopening_or_mutation" /></properties></testcase></testsuite></testsuites>