<?xml version="1.0" encoding="utf-8"?><testsuites name="pytest tests"><testsuite name="pytest" errors="0" failures="0" skipped="0" tests="3" time="203.800" timestamp="2026-08-15T05:59:11.344648+10:00" hostname="nyx.foundryside.dev"><testcase classname="tests.e2e.recovery.test_sink_effect_deployment_profiles" name="test_web_hosted_leader_plus_same_host_cli_followers_profile_covers_sink_effect_process_death_matrix" time="194.126"><properties><property name="elspeth_node_id" value="tests/e2e/recovery/test_sink_effect_deployment_profiles.py::test_web_hosted_leader_plus_same_host_cli_followers_profile_covers_sink_effect_process_death_matrix" /></properties></testcase><testcase classname="tests.integration.cli.test_state_engine_lifecycle_profiles" name="test_web_execution_service_leader_and_actual_cli_follower_share_full_runtime_lifecycle" time="8.324"><properties><property name="elspeth_node_id" value="tests/integration/cli/test_state_engine_lifecycle_profiles.py::test_web_execution_service_leader_and_actual_cli_follower_share_full_runtime_lifecycle" /></properties></testcase><testcase classname="tests.integration.cli.test_state_engine_lifecycle_profiles" name="test_actual_cli_join_exceptional_traversal_departs_and_cleans_plugins" time="0.919"><properties><property name="elspeth_node_id" value="tests/integration/cli/test_state_engine_lifecycle_profiles.py::test_actual_cli_join_exceptional_traversal_departs_and_cleans_plugins" /></properties></testcase></testsuite></testsuites>