<?xml version="1.0" encoding="utf-8"?><testsuites name="pytest tests"><testsuite name="pytest" errors="0" failures="0" skipped="0" tests="6" time="3.183" timestamp="2026-08-12T06:06:40.533976+10:00" hostname="nyx.foundryside.dev"><testcase classname="tests.unit.core.landscape.test_scheduler_queue_contract" name="test_exact_ready_replay_preserves_complete_state_engine_image" time="0.275"><properties><property name="elspeth_node_id" value="tests/unit/core/landscape/test_scheduler_queue_contract.py::test_exact_ready_replay_preserves_complete_state_engine_image" /></properties></testcase><testcase classname="tests.e2e.recovery.test_registered_process_authority" name="test_child_process_initial_run_registration_is_one_atomic_epoch_one_image" time="2.718"><properties><property name="elspeth_node_id" value="tests/e2e/recovery/test_registered_process_authority.py::test_child_process_initial_run_registration_is_one_atomic_epoch_one_image" /></properties></testcase><testcase classname="tests.unit.core.landscape.test_run_coordination_repository.TestRunCoordinationTruthTables" name="test_rc01_registration_rolls_back_seat_membership_and_first_event_when_second_event_fails" time="0.029"><properties><property name="elspeth_node_id" value="tests/unit/core/landscape/test_run_coordination_repository.py::TestRunCoordinationTruthTables::test_rc01_registration_rolls_back_seat_membership_and_first_event_when_second_event_fails" /></properties></testcase><testcase classname="tests.unit.core.landscape.test_run_coordination_repository.TestRunCoordinationTruthTables" name="test_rc02_takeover_exactly_rotates_seat_evicts_incumbent_and_records_winner" time="0.030"><properties><property name="elspeth_node_id" value="tests/unit/core/landscape/test_run_coordination_repository.py::TestRunCoordinationTruthTables::test_rc02_takeover_exactly_rotates_seat_evicts_incumbent_and_records_winner" /></properties></testcase><testcase classname="tests.unit.core.landscape.test_run_coordination_repository.TestRunCoordinationTruthTables" name="test_rc02_takeover_expiry_equality_is_a_zero_mutation_cas_loss" time="0.031"><properties><property name="elspeth_node_id" value="tests/unit/core/landscape/test_run_coordination_repository.py::TestRunCoordinationTruthTables::test_rc02_takeover_expiry_equality_is_a_zero_mutation_cas_loss" /></properties></testcase><testcase classname="tests.unit.core.landscape.test_run_coordination_repository.TestRunCoordinationTruthTables" name="test_rc04_exact_release_changes_only_current_seat_member_and_one_event" time="0.031"><properties><property name="elspeth_node_id" value="tests/unit/core/landscape/test_run_coordination_repository.py::TestRunCoordinationTruthTables::test_rc04_exact_release_changes_only_current_seat_member_and_one_event" /></properties></testcase></testsuite></testsuites>
